This file contains any messages produced by compilers while
running configure, to aid debugging if configure makes a mistake.

It was created by lighttpd configure 1.4.35, which was
generated by GNU Autoconf 2.69.  Invocation command line was

  $ ./configure --disable-avcodec -disable-swscale --disable-a52 --disable-glx --disable-libgcrypt

## --------- ##
## Platform. ##
## --------- ##

hostname = jun-VBU1204
uname -m = x86_64
uname -r = 3.8.0-34-generic
uname -s = Linux
uname -v = #49~precise1-Ubuntu SMP Wed Nov 13 18:05:00 UTC 2013

/usr/bin/uname -p = unknown
/bin/uname -X     = unknown

/bin/arch              = unknown
/usr/bin/arch -k       = unknown
/usr/convex/getsysinfo = unknown
/usr/bin/hostinfo      = unknown
/bin/machine           = unknown
/usr/bin/oslevel       = unknown
/bin/universe          = unknown

PATH: /usr/local/sbin
PATH: /usr/local/bin
PATH: /usr/sbin
PATH: /usr/bin
PATH: /sbin
PATH: /bin
PATH: /usr/games


## ----------- ##
## Core tests. ##
## ----------- ##

configure:2656: checking build system type
configure:2670: result: x86_64-unknown-linux-gnu
configure:2690: checking host system type
configure:2703: result: x86_64-unknown-linux-gnu
configure:2723: checking target system type
configure:2736: result: x86_64-unknown-linux-gnu
configure:2781: checking for a BSD-compatible install
configure:2849: result: /usr/bin/install -c
configure:2860: checking whether build environment is sane
configure:2915: result: yes
configure:3066: checking for a thread-safe mkdir -p
configure:3105: result: /bin/mkdir -p
configure:3112: checking for gawk
configure:3142: result: no
configure:3112: checking for mawk
configure:3128: found /usr/bin/mawk
configure:3139: result: mawk
configure:3150: checking whether make sets $(MAKE)
configure:3172: result: yes
configure:3201: checking whether make supports nested variables
configure:3218: result: yes
configure:3307: checking whether UID '1000' is supported by ustar format
configure:3310: result: yes
configure:3317: checking whether GID '1000' is supported by ustar format
configure:3320: result: yes
configure:3328: checking how to create a ustar tar archive
configure:3339: tar --version
tar (GNU tar) 1.26
Copyright (C) 2011 Free Software Foundation, Inc.
License GPLv3+: GNU GPL version 3 or later <http://gnu.org/licenses/gpl.html>.
This is free software: you are free to change and redistribute it.
There is NO WARRANTY, to the extent permitted by law.

Written by John Gilmore and Jay Fenlason.
configure:3342: $? = 0
configure:3382: tardir=conftest.dir && eval tar --format=ustar -chf - "$tardir" >conftest.tar
configure:3385: $? = 0
configure:3389: tar -xf - <conftest.tar
configure:3392: $? = 0
configure:3394: cat conftest.dir/file
GrepMe
configure:3397: $? = 0
configure:3410: result: gnutar
configure:3472: checking whether make supports nested variables
configure:3489: result: yes
configure:3549: checking for gcc
configure:3576: result: wllvm
configure:3805: checking for C compiler version
configure:3814: wllvm --version >&5
./configure: line 3816: wllvm: command not found
configure:3825: $? = 127
configure:3814: wllvm -v >&5
./configure: line 3816: wllvm: command not found
configure:3825: $? = 127
configure:3814: wllvm -V >&5
./configure: line 3816: wllvm: command not found
configure:3825: $? = 127
configure:3814: wllvm -qversion >&5
./configure: line 3816: wllvm: command not found
configure:3825: $? = 127
configure:3845: checking whether the C compiler works
configure:3867: wllvm    conftest.c  >&5
./configure: line 3869: wllvm: command not found
configure:3871: $? = 127
configure:3909: result: no
configure: failed program was:
| /* confdefs.h */
| #define PACKAGE_NAME "lighttpd"
| #define PACKAGE_TARNAME "lighttpd"
| #define PACKAGE_VERSION "1.4.35"
| #define PACKAGE_STRING "lighttpd 1.4.35"
| #define PACKAGE_BUGREPORT "contact@lighttpd.net"
| #define PACKAGE_URL ""
| #define PACKAGE "lighttpd"
| #define VERSION "1.4.35"
| /* end confdefs.h.  */
| 
| int
| main ()
| {
| 
|   ;
|   return 0;
| }
configure:3914: error: in `/home/jun/Downloads/lighttpd-1.4.35':
configure:3916: error: C compiler cannot create executables
See `config.log' for more details

## ---------------- ##
## Cache variables. ##
## ---------------- ##

ac_cv_build=x86_64-unknown-linux-gnu
ac_cv_env_CC_set=set
ac_cv_env_CC_value=wllvm
ac_cv_env_CFLAGS_set=
ac_cv_env_CFLAGS_value=
ac_cv_env_CPPFLAGS_set=
ac_cv_env_CPPFLAGS_value=
ac_cv_env_CPP_set=
ac_cv_env_CPP_value=
ac_cv_env_FAM_CFLAGS_set=
ac_cv_env_FAM_CFLAGS_value=
ac_cv_env_FAM_LIBS_set=
ac_cv_env_FAM_LIBS_value=
ac_cv_env_LDFLAGS_set=
ac_cv_env_LDFLAGS_value=
ac_cv_env_LIBEV_CFLAGS_set=
ac_cv_env_LIBEV_CFLAGS_value=
ac_cv_env_LIBEV_LIBS_set=
ac_cv_env_LIBEV_LIBS_value=
ac_cv_env_LIBS_set=
ac_cv_env_LIBS_value=
ac_cv_env_LUA_CFLAGS_set=
ac_cv_env_LUA_CFLAGS_value=
ac_cv_env_LUA_LIBS_set=
ac_cv_env_LUA_LIBS_value=
ac_cv_env_PKG_CONFIG_LIBDIR_set=
ac_cv_env_PKG_CONFIG_LIBDIR_value=
ac_cv_env_PKG_CONFIG_PATH_set=
ac_cv_env_PKG_CONFIG_PATH_value=
ac_cv_env_PKG_CONFIG_set=
ac_cv_env_PKG_CONFIG_value=
ac_cv_env_SQLITE_CFLAGS_set=
ac_cv_env_SQLITE_CFLAGS_value=
ac_cv_env_SQLITE_LIBS_set=
ac_cv_env_SQLITE_LIBS_value=
ac_cv_env_XML_CFLAGS_set=
ac_cv_env_XML_CFLAGS_value=
ac_cv_env_XML_LIBS_set=
ac_cv_env_XML_LIBS_value=
ac_cv_env_build_alias_set=
ac_cv_env_build_alias_value=
ac_cv_env_host_alias_set=
ac_cv_env_host_alias_value=
ac_cv_env_target_alias_set=
ac_cv_env_target_alias_value=
ac_cv_host=x86_64-unknown-linux-gnu
ac_cv_path_install='/usr/bin/install -c'
ac_cv_path_mkdir=/bin/mkdir
ac_cv_prog_AWK=mawk
ac_cv_prog_ac_ct_CC=wllvm
ac_cv_prog_make_make_set=yes
ac_cv_target=x86_64-unknown-linux-gnu
am_cv_make_support_nested_variables=yes
am_cv_prog_tar_ustar=gnutar

## ----------------- ##
## Output variables. ##
## ----------------- ##

ACLOCAL='${SHELL} /home/jun/Downloads/lighttpd-1.4.35/missing aclocal-1.14'
AMDEPBACKSLASH=''
AMDEP_FALSE=''
AMDEP_TRUE=''
AMTAR='$${TAR-tar}'
AM_BACKSLASH='\'
AM_DEFAULT_V='$(AM_DEFAULT_VERBOSITY)'
AM_DEFAULT_VERBOSITY='1'
AM_V='$(V)'
AR=''
ATTR_LIB=''
AUTOCONF='${SHELL} /home/jun/Downloads/lighttpd-1.4.35/missing autoconf'
AUTOHEADER='${SHELL} /home/jun/Downloads/lighttpd-1.4.35/missing autoheader'
AUTOMAKE='${SHELL} /home/jun/Downloads/lighttpd-1.4.35/missing automake-1.14'
AWK='mawk'
BZ_LIB=''
CC='wllvm'
CCDEPMODE=''
CFLAGS=''
CHECK_WITH_FASTCGI_FALSE=''
CHECK_WITH_FASTCGI_TRUE=''
CPP=''
CPPFLAGS=''
CROSS_COMPILING_FALSE=''
CROSS_COMPILING_TRUE=''
CRYPT_LIB=''
CYGPATH_W='echo'
DEFS=''
DEPDIR=''
DLLTOOL=''
DL_LIB=''
DSYMUTIL=''
DUMPBIN=''
ECHO_C=''
ECHO_N='-n'
ECHO_T=''
EGREP=''
EXEEXT=''
FAM_CFLAGS=''
FAM_LIBS=''
FGREP=''
GDBM_LIB=''
GREP=''
INSTALL_DATA='${INSTALL} -m 644'
INSTALL_PROGRAM='${INSTALL}'
INSTALL_SCRIPT='${INSTALL}'
INSTALL_STRIP_PROGRAM='$(install_sh) -c -s'
LBER_LIB=''
LD=''
LDAP_LIB=''
LDFLAGS=''
LIBEV_CFLAGS=''
LIBEV_LIBS=''
LIBOBJS=''
LIBS=''
LIBTOOL=''
LIPO=''
LN_S=''
LTLIBOBJS=''
LUA_CFLAGS=''
LUA_LIBS=''
MAKEINFO='${SHELL} /home/jun/Downloads/lighttpd-1.4.35/missing makeinfo'
MANIFEST_TOOL=''
MEMCACHE_LIB=''
MKDIR_P='/bin/mkdir -p'
MYSQL_CONFIG=''
MYSQL_INCLUDE=''
MYSQL_LIBS=''
NM=''
NMEDIT=''
NO_RDYNAMIC_FALSE=''
NO_RDYNAMIC_TRUE=''
OBJDUMP=''
OBJEXT=''
OTOOL64=''
OTOOL=''
PACKAGE='lighttpd'
PACKAGE_BUGREPORT='contact@lighttpd.net'
PACKAGE_NAME='lighttpd'
PACKAGE_STRING='lighttpd 1.4.35'
PACKAGE_TARNAME='lighttpd'
PACKAGE_URL=''
PACKAGE_VERSION='1.4.35'
PATH_SEPARATOR=':'
PCRECONFIG=''
PCRE_LIB=''
PKG_CONFIG=''
PKG_CONFIG_LIBDIR=''
PKG_CONFIG_PATH=''
RANLIB=''
SED=''
SENDFILE_LIB=''
SET_MAKE=''
SHELL='/bin/bash'
SQLITE_CFLAGS=''
SQLITE_LIBS=''
SSL_LIB=''
STRIP=''
UUID_LIBS=''
VERSION='1.4.35'
XML_CFLAGS=''
XML_LIBS=''
Z_LIB=''
ac_ct_AR=''
ac_ct_CC='wllvm'
ac_ct_DUMPBIN=''
am__EXEEXT_FALSE=''
am__EXEEXT_TRUE=''
am__fastdepCC_FALSE=''
am__fastdepCC_TRUE=''
am__include=''
am__isrc=''
am__leading_dot='.'
am__nodep=''
am__quote=''
am__tar='tar --format=ustar -chf - "$$tardir"'
am__untar='tar -xf -'
bindir='${exec_prefix}/bin'
build='x86_64-unknown-linux-gnu'
build_alias=''
build_cpu='x86_64'
build_os='linux-gnu'
build_vendor='unknown'
datadir='${datarootdir}'
datarootdir='${prefix}/share'
docdir='${datarootdir}/doc/${PACKAGE_TARNAME}'
dvidir='${docdir}'
exec_prefix='NONE'
host='x86_64-unknown-linux-gnu'
host_alias=''
host_cpu='x86_64'
host_os='linux-gnu'
host_vendor='unknown'
htmldir='${docdir}'
includedir='${prefix}/include'
infodir='${datarootdir}/info'
install_sh='${SHELL} /home/jun/Downloads/lighttpd-1.4.35/install-sh'
libdir='${exec_prefix}/lib'
libexecdir='${exec_prefix}/libexec'
localedir='${datarootdir}/locale'
localstatedir='${prefix}/var'
mandir='${datarootdir}/man'
mkdir_p='$(MKDIR_P)'
oldincludedir='/usr/include'
pdfdir='${docdir}'
prefix='NONE'
program_transform_name='s,x,x,'
psdir='${docdir}'
sbindir='${exec_prefix}/sbin'
sharedstatedir='${prefix}/com'
sysconfdir='${prefix}/etc'
target='x86_64-unknown-linux-gnu'
target_alias=''
target_cpu='x86_64'
target_os='linux-gnu'
target_vendor='unknown'

## ----------- ##
## confdefs.h. ##
## ----------- ##

/* confdefs.h */
#define PACKAGE_NAME "lighttpd"
#define PACKAGE_TARNAME "lighttpd"
#define PACKAGE_VERSION "1.4.35"
#define PACKAGE_STRING "lighttpd 1.4.35"
#define PACKAGE_BUGREPORT "contact@lighttpd.net"
#define PACKAGE_URL ""
#define PACKAGE "lighttpd"
#define VERSION "1.4.35"

configure: exit 77
