This file contains any messages produced by compilers while
running configure, to aid debugging if configure makes a mistake.

It was created by pure-ftpd configure 1.0.36, which was
generated by GNU Autoconf 2.68.  Invocation command line was

  $ ./configure CC=wllvm --no-create --no-recursion

## --------- ##
## Platform. ##
## --------- ##

hostname = jun-VBU1204
uname -m = x86_64
uname -r = 3.8.0-34-generic
uname -s = Linux
uname -v = #49~precise1-Ubuntu SMP Wed Nov 13 18:05:00 UTC 2013

/usr/bin/uname -p = unknown
/bin/uname -X     = unknown

/bin/arch              = unknown
/usr/bin/arch -k       = unknown
/usr/convex/getsysinfo = unknown
/usr/bin/hostinfo      = unknown
/bin/machine           = unknown
/usr/bin/oslevel       = unknown
/bin/universe          = unknown

PATH: /usr/local/sbin
PATH: /usr/local/bin
PATH: /usr/sbin
PATH: /usr/bin
PATH: /sbin
PATH: /bin


## ----------- ##
## Core tests. ##
## ----------- ##

configure:2644: checking for a BSD-compatible install
configure:2712: result: /usr/bin/install -c
configure:2723: checking whether build environment is sane
configure:2773: result: yes
configure:2914: checking for a thread-safe mkdir -p
configure:2953: result: /bin/mkdir -p
configure:2966: checking for gawk
configure:2996: result: no
configure:2966: checking for mawk
configure:2982: found /usr/bin/mawk
configure:2993: result: mawk
configure:3004: checking whether make sets $(MAKE)
configure:3026: result: yes
configure:3158: checking for ranlib
configure:3174: found /usr/bin/ranlib
configure:3185: result: ranlib
configure:3255: checking for gcc
configure:3282: result: wllvm
configure:3511: checking for C compiler version
configure:3520: wllvm --version >&5
./configure: line 3522: wllvm: command not found
configure:3531: $? = 127
configure:3520: wllvm -v >&5
./configure: line 3522: wllvm: command not found
configure:3531: $? = 127
configure:3520: wllvm -V >&5
./configure: line 3522: wllvm: command not found
configure:3531: $? = 127
configure:3520: wllvm -qversion >&5
./configure: line 3522: wllvm: command not found
configure:3531: $? = 127
configure:3551: checking whether the C compiler works
configure:3573: wllvm    conftest.c  >&5
./configure: line 3575: wllvm: command not found
configure:3577: $? = 127
configure:3615: result: no
configure: failed program was:
| /* confdefs.h */
| #define PACKAGE_NAME "pure-ftpd"
| #define PACKAGE_TARNAME "pure-ftpd"
| #define PACKAGE_VERSION "1.0.36"
| #define PACKAGE_STRING "pure-ftpd 1.0.36"
| #define PACKAGE_BUGREPORT "bugs at pureftpd dot org"
| #define PACKAGE_URL ""
| #define PACKAGE "pure-ftpd"
| #define VERSION "1.0.36"
| /* end confdefs.h.  */
| 
| int
| main ()
| {
| 
|   ;
|   return 0;
| }
configure:3620: error: in `/home/jun/straight-DTA/pure-ftpd-1.0.36':
configure:3622: error: C compiler cannot create executables
See `config.log' for more details

## ---------------- ##
## Cache variables. ##
## ---------------- ##

ac_cv_env_CC_set=set
ac_cv_env_CC_value=wllvm
ac_cv_env_CFLAGS_set=
ac_cv_env_CFLAGS_value=
ac_cv_env_CPPFLAGS_set=
ac_cv_env_CPPFLAGS_value=
ac_cv_env_CPP_set=
ac_cv_env_CPP_value=
ac_cv_env_CWFLAGS_set=
ac_cv_env_CWFLAGS_value=
ac_cv_env_LDFLAGS_set=
ac_cv_env_LDFLAGS_value=
ac_cv_env_LIBS_set=
ac_cv_env_LIBS_value=
ac_cv_env_PERL_set=
ac_cv_env_PERL_value=
ac_cv_env_PYTHON_set=
ac_cv_env_PYTHON_value=
ac_cv_env_build_alias_set=
ac_cv_env_build_alias_value=
ac_cv_env_host_alias_set=
ac_cv_env_host_alias_value=
ac_cv_env_target_alias_set=
ac_cv_env_target_alias_value=
ac_cv_path_install='/usr/bin/install -c'
ac_cv_path_mkdir=/bin/mkdir
ac_cv_prog_AWK=mawk
ac_cv_prog_ac_ct_CC=wllvm
ac_cv_prog_ac_ct_RANLIB=ranlib
ac_cv_prog_make_make_set=yes

## ----------------- ##
## Output variables. ##
## ----------------- ##

ACLOCAL='${SHELL} /home/jun/straight-DTA/pure-ftpd-1.0.36/missing --run aclocal-1.11'
ALLOCA=''
AMDEPBACKSLASH=''
AMDEP_FALSE=''
AMDEP_TRUE=''
AMTAR='$${TAR-tar}'
AUTOCONF='${SHELL} /home/jun/straight-DTA/pure-ftpd-1.0.36/missing --run autoconf'
AUTOHEADER='${SHELL} /home/jun/straight-DTA/pure-ftpd-1.0.36/missing --run autoheader'
AUTOMAKE='${SHELL} /home/jun/straight-DTA/pure-ftpd-1.0.36/missing --run automake-1.11'
AWK='mawk'
BONJOUR_LDADD=''
CC='wllvm'
CCDEPMODE=''
CFLAGS=''
CONFDIR=''
CPP=''
CPPFLAGS=''
CWFLAGS=''
CYGPATH_W='echo'
DEFS=''
DEPDIR=''
ECHO_C=''
ECHO_N='-n'
ECHO_T=''
EGREP=''
EXEEXT=''
GETLOADAVG_LIBS=''
GREP=''
INSTALL_DATA='${INSTALL} -m 644'
INSTALL_PROGRAM='${INSTALL}'
INSTALL_SCRIPT='${INSTALL}'
INSTALL_STRIP_PROGRAM='$(install_sh) -c -s'
ISODATE='2014-05-12'
KMEM_GROUP=''
LDAP_SSL_LIBS=''
LDFLAGS=''
LIBOBJS=''
LIBS=''
LOCALSTATEDIR=''
LTLIBOBJS=''
MAKEINFO='${SHELL} /home/jun/straight-DTA/pure-ftpd-1.0.36/missing --run makeinfo'
MKDIR_P='/bin/mkdir -p'
NEED_SETGID=''
OBJEXT=''
PACKAGE='pure-ftpd'
PACKAGE_BUGREPORT='bugs at pureftpd dot org'
PACKAGE_NAME='pure-ftpd'
PACKAGE_STRING='pure-ftpd 1.0.36'
PACKAGE_TARNAME='pure-ftpd'
PACKAGE_URL=''
PACKAGE_VERSION='1.0.36'
PATH_SEPARATOR=':'
PERL=''
POW_LIB=''
PYTHON=''
RANLIB='ranlib'
SET_MAKE=''
SHELL='/bin/bash'
STRIP=''
VERSION='1.0.36'
ac_ct_CC='wllvm'
am__EXEEXT_FALSE=''
am__EXEEXT_TRUE=''
am__fastdepCC_FALSE=''
am__fastdepCC_TRUE=''
am__include=''
am__isrc=''
am__leading_dot='.'
am__nodep=''
am__quote=''
am__tar='$${TAR-tar} chof - "$$tardir"'
am__untar='$${TAR-tar} xf -'
bindir='${exec_prefix}/bin'
build_alias=''
certfile=''
datadir='${datarootdir}'
datarootdir='${prefix}/share'
docdir='${datarootdir}/doc/${PACKAGE_TARNAME}'
dvidir='${docdir}'
exec_prefix='NONE'
host_alias=''
htmldir='${docdir}'
includedir='${prefix}/include'
infodir='${datarootdir}/info'
install_sh='${SHELL} /home/jun/straight-DTA/pure-ftpd-1.0.36/install-sh'
libdir='${exec_prefix}/lib'
libexecdir='${exec_prefix}/libexec'
localedir='${datarootdir}/locale'
localstatedir='${prefix}/var'
mandir='${datarootdir}/man'
mkdir_p='/bin/mkdir -p'
oldincludedir='/usr/include'
pdfdir='${docdir}'
prefix='NONE'
program_transform_name='s,x,x,'
psdir='${docdir}'
sbindir='${exec_prefix}/sbin'
sharedstatedir='${prefix}/com'
sysconfdir='${prefix}/etc'
target_alias=''

## ----------- ##
## confdefs.h. ##
## ----------- ##

/* confdefs.h */
#define PACKAGE_NAME "pure-ftpd"
#define PACKAGE_TARNAME "pure-ftpd"
#define PACKAGE_VERSION "1.0.36"
#define PACKAGE_STRING "pure-ftpd 1.0.36"
#define PACKAGE_BUGREPORT "bugs at pureftpd dot org"
#define PACKAGE_URL ""
#define PACKAGE "pure-ftpd"
#define VERSION "1.0.36"

configure: exit 77
