This file contains any messages produced by compilers while
running configure, to aid debugging if configure makes a mistake.

It was created by configure, which was
generated by GNU Autoconf 2.61.  Invocation command line was

  $ ./configure 

## --------- ##
## Platform. ##
## --------- ##

hostname = jun-PowerEdge-T310
uname -m = x86_64
uname -r = 3.5.0-23-generic
uname -s = Linux
uname -v = #35~precise1-Ubuntu SMP Fri Jan 25 17:13:26 UTC 2013

/usr/bin/uname -p = unknown
/bin/uname -X     = unknown

/bin/arch              = unknown
/usr/bin/arch -k       = unknown
/usr/convex/getsysinfo = unknown
/usr/bin/hostinfo      = unknown
/bin/machine           = unknown
/usr/bin/oslevel       = unknown
/bin/universe          = unknown

PATH: /usr/local/sbin
PATH: /usr/local/bin
PATH: /usr/sbin
PATH: /usr/bin
PATH: /sbin
PATH: /bin
PATH: /usr/games
PATH: /home/jun/whole-program-llvm/


## ----------- ##
## Core tests. ##
## ----------- ##

configure:2122: checking build system type
configure:2140: result: x86_64-unknown-linux-gnu
configure:2162: checking host system type
configure:2177: result: x86_64-unknown-linux-gnu
configure:2199: checking target system type
configure:2214: result: x86_64-unknown-linux-gnu
configure:2346: checking for gcc
configure:2362: found /usr/bin/gcc
configure:2373: result: gcc
configure:2611: checking for C compiler version
configure:2618: gcc --version >&5
gcc (Ubuntu/Linaro 4.6.3-1ubuntu5) 4.6.3
Copyright (C) 2011 Free Software Foundation, Inc.
This is free software; see the source for copying conditions.  There is NO
warranty; not even for MERCHANTABILITY or FITNESS FOR A PARTICULAR PURPOSE.

configure:2621: $? = 0
configure:2628: gcc -v >&5
Using built-in specs.
COLLECT_GCC=gcc
COLLECT_LTO_WRAPPER=/usr/lib/gcc/x86_64-linux-gnu/4.6/lto-wrapper
Target: x86_64-linux-gnu
Configured with: ../src/configure -v --with-pkgversion='Ubuntu/Linaro 4.6.3-1ubuntu5' --with-bugurl=file:///usr/share/doc/gcc-4.6/README.Bugs --enable-languages=c,c++,fortran,objc,obj-c++ --prefix=/usr --program-suffix=-4.6 --enable-shared --enable-linker-build-id --with-system-zlib --libexecdir=/usr/lib --without-included-gettext --enable-threads=posix --with-gxx-include-dir=/usr/include/c++/4.6 --libdir=/usr/lib --enable-nls --with-sysroot=/ --enable-clocale=gnu --enable-libstdcxx-debug --enable-libstdcxx-time=yes --enable-gnu-unique-object --enable-plugin --enable-objc-gc --disable-werror --with-arch-32=i686 --with-tune=generic --enable-checking=release --build=x86_64-linux-gnu --host=x86_64-linux-gnu --target=x86_64-linux-gnu
Thread model: posix
gcc version 4.6.3 (Ubuntu/Linaro 4.6.3-1ubuntu5) 
configure:2631: $? = 0
configure:2638: gcc -V >&5
gcc: error: unrecognized option '-V'
gcc: fatal error: no input files
compilation terminated.
configure:2641: $? = 4
configure:2664: checking for C compiler default output file name
configure:2691: gcc    conftest.c  >&5
configure:2694: $? = 0
configure:2732: result: a.out
configure:2749: checking whether the C compiler works
configure:2759: ./a.out
configure:2762: $? = 0
configure:2779: result: yes
configure:2786: checking whether we are cross compiling
configure:2788: result: no
configure:2791: checking for suffix of executables
configure:2798: gcc -o conftest    conftest.c  >&5
configure:2801: $? = 0
configure:2825: result: 
configure:2831: checking for suffix of object files
configure:2857: gcc -c   conftest.c >&5
configure:2860: $? = 0
configure:2883: result: o
configure:2887: checking whether we are using the GNU C compiler
configure:2916: gcc -c   conftest.c >&5
configure:2922: $? = 0
configure:2939: result: yes
configure:2944: checking whether gcc accepts -g
configure:2974: gcc -c -g  conftest.c >&5
configure:2980: $? = 0
configure:3079: result: yes
configure:3096: checking for gcc option to accept ISO C89
configure:3170: gcc  -c -g -O2  conftest.c >&5
configure:3176: $? = 0
configure:3199: result: none needed
configure:3217: checking for a sed that does not truncate output
configure:3296: result: /bin/sed
configure:3314: checking for grep that handles long lines and -e
configure:3388: result: /bin/grep
configure:3393: checking for egrep
configure:3471: result: /bin/grep -E
configure:3476: checking for fgrep
configure:3554: result: /bin/grep -F
configure:3589: checking for ld used by gcc
configure:3656: result: /usr/bin/ld
configure:3665: checking if the linker (/usr/bin/ld) is GNU ld
configure:3680: result: yes
configure:3692: checking for BSD- or MS-compatible name lister (nm)
configure:3741: result: /usr/bin/nm -B
configure:3863: checking the name lister (/usr/bin/nm -B) interface
configure:3870: gcc -c -g -O2  conftest.c >&5
configure:3873: /usr/bin/nm -B "conftest.o"
configure:3876: output
0000000000000000 B some_variable
configure:3883: result: BSD nm
configure:3886: checking whether ln -s works
configure:3890: result: yes
configure:3898: checking the maximum length of command line arguments
configure:4018: result: 1572864
configure:4035: checking whether the shell understands some XSI constructs
configure:4045: result: yes
configure:4049: checking whether the shell understands "+="
configure:4055: result: yes
configure:4090: checking for /usr/bin/ld option to reload object files
configure:4097: result: -r
configure:4166: checking for objdump
configure:4182: found /usr/bin/objdump
configure:4193: result: objdump
configure:4229: checking how to recognize dependent libraries
configure:4425: result: pass_all
configure:4485: checking for ar
configure:4501: found /usr/bin/ar
configure:4512: result: ar
configure:4594: checking for strip
configure:4610: found /usr/bin/strip
configure:4621: result: strip
configure:4697: checking for ranlib
configure:4713: found /usr/bin/ranlib
configure:4724: result: ranlib
configure:4818: checking command to parse /usr/bin/nm -B output from gcc object
configure:4936: gcc -c -g -O2  conftest.c >&5
configure:4939: $? = 0
configure:4943: /usr/bin/nm -B conftest.o \| sed -n -e 's/^.*[	 ]\([ABCDGIRSTW][ABCDGIRSTW]*\)[	 ][	 ]*\([_A-Za-z][_A-Za-z0-9]*\)$/\1 \2 \2/p' \> conftest.nm
configure:4946: $? = 0
configure:5000: gcc -o conftest -g -O2   conftest.c conftstm.o >&5
configure:5003: $? = 0
configure:5041: result: ok
configure:5137: gcc -c -g -O2  conftest.c >&5
configure:5140: $? = 0
configure:5920: checking how to run the C preprocessor
configure:5960: gcc -E  conftest.c
configure:5966: $? = 0
configure:5997: gcc -E  conftest.c
conftest.c:10:28: fatal error: ac_nonexistent.h: No such file or directory
compilation terminated.
configure:6003: $? = 1
configure: failed program was:
| /* confdefs.h.  */
| #define PACKAGE_NAME ""
| #define PACKAGE_TARNAME ""
| #define PACKAGE_VERSION ""
| #define PACKAGE_STRING ""
| #define PACKAGE_BUGREPORT ""
| #define PR_BUILD_OPTS ""
| #define PR_PLATFORM "LINUX"
| /* end confdefs.h.  */
| #include <ac_nonexistent.h>
configure:6036: result: gcc -E
configure:6065: gcc -E  conftest.c
configure:6071: $? = 0
configure:6102: gcc -E  conftest.c
conftest.c:10:28: fatal error: ac_nonexistent.h: No such file or directory
compilation terminated.
configure:6108: $? = 1
configure: failed program was:
| /* confdefs.h.  */
| #define PACKAGE_NAME ""
| #define PACKAGE_TARNAME ""
| #define PACKAGE_VERSION ""
| #define PACKAGE_STRING ""
| #define PACKAGE_BUGREPORT ""
| #define PR_BUILD_OPTS ""
| #define PR_PLATFORM "LINUX"
| /* end confdefs.h.  */
| #include <ac_nonexistent.h>
configure:6146: checking for ANSI C header files
configure:6176: gcc -c -g -O2  conftest.c >&5
configure:6182: $? = 0
configure:6281: gcc -o conftest -g -O2   conftest.c  >&5
configure:6284: $? = 0
configure:6290: ./conftest
configure:6293: $? = 0
configure:6310: result: yes
configure:6334: checking for sys/types.h
configure:6355: gcc -c -g -O2  conftest.c >&5
configure:6361: $? = 0
configure:6377: result: yes
configure:6334: checking for sys/stat.h
configure:6355: gcc -c -g -O2  conftest.c >&5
configure:6361: $? = 0
configure:6377: result: yes
configure:6334: checking for stdlib.h
configure:6355: gcc -c -g -O2  conftest.c >&5
configure:6361: $? = 0
configure:6377: result: yes
configure:6334: checking for string.h
configure:6355: gcc -c -g -O2  conftest.c >&5
configure:6361: $? = 0
configure:6377: result: yes
configure:6334: checking for memory.h
configure:6355: gcc -c -g -O2  conftest.c >&5
configure:6361: $? = 0
configure:6377: result: yes
configure:6334: checking for strings.h
configure:6355: gcc -c -g -O2  conftest.c >&5
configure:6361: $? = 0
configure:6377: result: yes
configure:6334: checking for inttypes.h
configure:6355: gcc -c -g -O2  conftest.c >&5
configure:6361: $? = 0
configure:6377: result: yes
configure:6334: checking for stdint.h
configure:6355: gcc -c -g -O2  conftest.c >&5
configure:6361: $? = 0
configure:6377: result: yes
configure:6334: checking for unistd.h
configure:6355: gcc -c -g -O2  conftest.c >&5
configure:6361: $? = 0
configure:6377: result: yes
configure:6393: checking for dlfcn.h
configure:6414: gcc -c -g -O2  conftest.c >&5
configure:6420: $? = 0
configure:6436: result: yes
configure:6619: checking for objdir
configure:6634: result: .libs
configure:6930: checking if gcc supports -fno-rtti -fno-exceptions
configure:6948: gcc -c -g -O2  -fno-rtti -fno-exceptions conftest.c >&5
cc1: warning: command line option '-fno-rtti' is valid for C++/ObjC++ but not for C [enabled by default]
configure:6952: $? = 0
configure:6965: result: no
configure:6985: checking for gcc option to produce PIC
configure:7257: result: -fPIC -DPIC
configure:7269: checking if gcc PIC flag -fPIC -DPIC works
configure:7287: gcc -c -g -O2  -fPIC -DPIC -DPIC conftest.c >&5
configure:7291: $? = 0
configure:7304: result: yes
configure:7328: checking if gcc static flag -static works
configure:7356: result: yes
configure:7371: checking if gcc supports -c -o file.o
configure:7392: gcc -c -g -O2  -o out/conftest2.o conftest.c >&5
configure:7396: $? = 0
configure:7418: result: yes
configure:7426: checking if gcc supports -c -o file.o
configure:7473: result: yes
configure:7506: checking whether the gcc linker (/usr/bin/ld -m elf_x86_64) supports shared libraries
configure:8569: result: yes
configure:8606: checking whether -lc should be explicitly linked in
configure:8611: gcc -c -g -O2  conftest.c >&5
configure:8614: $? = 0
configure:8629: gcc -shared conftest.o  -v -Wl,-soname -Wl,conftest -o conftest 2\>\&1 \| /bin/grep  -lc  \>/dev/null 2\>\&1
configure:8632: $? = 0
configure:8644: result: no
configure:8808: checking dynamic linker characteristics
configure:9251: gcc -o conftest -g -O2   -Wl,-rpath -Wl,/foo conftest.c  >&5
configure:9257: $? = 0
configure:9499: result: GNU/Linux ld.so
configure:9601: checking how to hardcode library paths into programs
configure:9626: result: immediate
configure:9745: checking for shl_load
configure:9801: gcc -o conftest -g -O2   conftest.c  >&5
/tmp/ccAZqwVg.o: In function `main':
/home/jun/straight-DTA/proftpd-1.3.4d/conftest.c:56: undefined reference to `shl_load'
collect2: ld returned 1 exit status
configure:9807: $? = 1
configure: failed program was:
| /* confdefs.h.  */
| #define PACKAGE_NAME ""
| #define PACKAGE_TARNAME ""
| #define PACKAGE_VERSION ""
| #define PACKAGE_STRING ""
| #define PACKAGE_BUGREPORT ""
| #define PR_BUILD_OPTS ""
| #define PR_PLATFORM "LINUX"
| #define STDC_HEADERS 1
| #define HAVE_SYS_TYPES_H 1
| #define HAVE_SYS_STAT_H 1
| #define HAVE_STDLIB_H 1
| #define HAVE_STRING_H 1
| #define HAVE_MEMORY_H 1
| #define HAVE_STRINGS_H 1
| #define HAVE_INTTYPES_H 1
| #define HAVE_STDINT_H 1
| #define HAVE_UNISTD_H 1
| #define HAVE_DLFCN_H 1
| #define LT_OBJDIR ".libs/"
| /* end confdefs.h.  */
| /* Define shl_load to an innocuous variant, in case <limits.h> declares shl_load.
|    For example, HP-UX 11i <limits.h> declares gettimeofday.  */
| #define shl_load innocuous_shl_load
| 
| /* System header to define __stub macros and hopefully few prototypes,
|     which can conflict with char shl_load (); below.
|     Prefer <limits.h> to <assert.h> if __STDC__ is defined, since
|     <limits.h> exists even on freestanding compilers.  */
| 
| #ifdef __STDC__
| # include <limits.h>
| #else
| # include <assert.h>
| #endif
| 
| #undef shl_load
| 
| /* Override any GCC internal prototype to avoid an error.
|    Use char because int might match the return type of a GCC
|    builtin and then its argument prototype would still apply.  */
| #ifdef __cplusplus
| extern "C"
| #endif
| char shl_load ();
| /* The GNU C library defines this for functions which it implements
|     to always fail with ENOSYS.  Some functions are actually named
|     something starting with __ and the normal name is an alias.  */
| #if defined __stub_shl_load || defined __stub___shl_load
| choke me
| #endif
| 
| int
| main ()
| {
| return shl_load ();
|   ;
|   return 0;
| }
configure:9824: result: no
configure:9829: checking for shl_load in -ldld
configure:9864: gcc -o conftest -g -O2   conftest.c -ldld   >&5
/usr/bin/ld: cannot find -ldld
collect2: ld returned 1 exit status
configure:9870: $? = 1
configure: failed program was:
| /* confdefs.h.  */
| #define PACKAGE_NAME ""
| #define PACKAGE_TARNAME ""
| #define PACKAGE_VERSION ""
| #define PACKAGE_STRING ""
| #define PACKAGE_BUGREPORT ""
| #define PR_BUILD_OPTS ""
| #define PR_PLATFORM "LINUX"
| #define STDC_HEADERS 1
| #define HAVE_SYS_TYPES_H 1
| #define HAVE_SYS_STAT_H 1
| #define HAVE_STDLIB_H 1
| #define HAVE_STRING_H 1
| #define HAVE_MEMORY_H 1
| #define HAVE_STRINGS_H 1
| #define HAVE_INTTYPES_H 1
| #define HAVE_STDINT_H 1
| #define HAVE_UNISTD_H 1
| #define HAVE_DLFCN_H 1
| #define LT_OBJDIR ".libs/"
| /* end confdefs.h.  */
| 
| /* Override any GCC internal prototype to avoid an error.
|    Use char because int might match the return type of a GCC
|    builtin and then its argument prototype would still apply.  */
| #ifdef __cplusplus
| extern "C"
| #endif
| char shl_load ();
| int
| main ()
| {
| return shl_load ();
|   ;
|   return 0;
| }
configure:9888: result: no
configure:9893: checking for dlopen
configure:9949: gcc -o conftest -g -O2   conftest.c  >&5
/tmp/ccP6ExZn.o: In function `main':
/home/jun/straight-DTA/proftpd-1.3.4d/conftest.c:56: undefined reference to `dlopen'
collect2: ld returned 1 exit status
configure:9955: $? = 1
configure: failed program was:
| /* confdefs.h.  */
| #define PACKAGE_NAME ""
| #define PACKAGE_TARNAME ""
| #define PACKAGE_VERSION ""
| #define PACKAGE_STRING ""
| #define PACKAGE_BUGREPORT ""
| #define PR_BUILD_OPTS ""
| #define PR_PLATFORM "LINUX"
| #define STDC_HEADERS 1
| #define HAVE_SYS_TYPES_H 1
| #define HAVE_SYS_STAT_H 1
| #define HAVE_STDLIB_H 1
| #define HAVE_STRING_H 1
| #define HAVE_MEMORY_H 1
| #define HAVE_STRINGS_H 1
| #define HAVE_INTTYPES_H 1
| #define HAVE_STDINT_H 1
| #define HAVE_UNISTD_H 1
| #define HAVE_DLFCN_H 1
| #define LT_OBJDIR ".libs/"
| /* end confdefs.h.  */
| /* Define dlopen to an innocuous variant, in case <limits.h> declares dlopen.
|    For example, HP-UX 11i <limits.h> declares gettimeofday.  */
| #define dlopen innocuous_dlopen
| 
| /* System header to define __stub macros and hopefully few prototypes,
|     which can conflict with char dlopen (); below.
|     Prefer <limits.h> to <assert.h> if __STDC__ is defined, since
|     <limits.h> exists even on freestanding compilers.  */
| 
| #ifdef __STDC__
| # include <limits.h>
| #else
| # include <assert.h>
| #endif
| 
| #undef dlopen
| 
| /* Override any GCC internal prototype to avoid an error.
|    Use char because int might match the return type of a GCC
|    builtin and then its argument prototype would still apply.  */
| #ifdef __cplusplus
| extern "C"
| #endif
| char dlopen ();
| /* The GNU C library defines this for functions which it implements
|     to always fail with ENOSYS.  Some functions are actually named
|     something starting with __ and the normal name is an alias.  */
| #if defined __stub_dlopen || defined __stub___dlopen
| choke me
| #endif
| 
| int
| main ()
| {
| return dlopen ();
|   ;
|   return 0;
| }
configure:9972: result: no
configure:9977: checking for dlopen in -ldl
configure:10012: gcc -o conftest -g -O2   conftest.c -ldl   >&5
configure:10018: $? = 0
configure:10036: result: yes
configure:10205: checking whether a program can dlopen itself
configure:10275: gcc -o conftest -g -O2  -DHAVE_DLFCN_H  -Wl,--export-dynamic conftest.c -ldl  >&5
configure:10278: $? = 0
configure:10296: result: yes
configure:10301: checking whether a statically linked program can dlopen itself
configure:10371: gcc -o conftest -g -O2  -DHAVE_DLFCN_H  -Wl,--export-dynamic -static conftest.c -ldl  >&5
/tmp/ccQDoHiv.o: In function `main':
/home/jun/straight-DTA/proftpd-1.3.4d/configure:10355: warning: Using 'dlopen' in statically linked applications requires at runtime the shared libraries from the glibc version used for linking
/usr/bin/ld: dynamic STT_GNU_IFUNC symbol `strcmp' with pointer equality in `/usr/lib/gcc/x86_64-linux-gnu/4.6/../../../x86_64-linux-gnu/libc.a(strcmp.o)' can not be used when making an executable; recompile with -fPIE and relink with -pie
collect2: ld returned 1 exit status
configure:10374: $? = 1
configure:10392: result: no
configure:10431: checking whether stripping libraries is possible
configure:10436: result: yes
configure:10471: checking if libtool supports shared libraries
configure:10473: result: yes
configure:10476: checking whether to build shared libraries
configure:10497: result: yes
configure:10500: checking whether to build static libraries
configure:10504: result: yes
configure:10592: checking for gcc
configure:10619: result: gcc
configure:10857: checking for C compiler version
configure:10864: gcc --version >&5
gcc (Ubuntu/Linaro 4.6.3-1ubuntu5) 4.6.3
Copyright (C) 2011 Free Software Foundation, Inc.
This is free software; see the source for copying conditions.  There is NO
warranty; not even for MERCHANTABILITY or FITNESS FOR A PARTICULAR PURPOSE.

configure:10867: $? = 0
configure:10874: gcc -v >&5
Using built-in specs.
COLLECT_GCC=gcc
COLLECT_LTO_WRAPPER=/usr/lib/gcc/x86_64-linux-gnu/4.6/lto-wrapper
Target: x86_64-linux-gnu
Configured with: ../src/configure -v --with-pkgversion='Ubuntu/Linaro 4.6.3-1ubuntu5' --with-bugurl=file:///usr/share/doc/gcc-4.6/README.Bugs --enable-languages=c,c++,fortran,objc,obj-c++ --prefix=/usr --program-suffix=-4.6 --enable-shared --enable-linker-build-id --with-system-zlib --libexecdir=/usr/lib --without-included-gettext --enable-threads=posix --with-gxx-include-dir=/usr/include/c++/4.6 --libdir=/usr/lib --enable-nls --with-sysroot=/ --enable-clocale=gnu --enable-libstdcxx-debug --enable-libstdcxx-time=yes --enable-gnu-unique-object --enable-plugin --enable-objc-gc --disable-werror --with-arch-32=i686 --with-tune=generic --enable-checking=release --build=x86_64-linux-gnu --host=x86_64-linux-gnu --target=x86_64-linux-gnu
Thread model: posix
gcc version 4.6.3 (Ubuntu/Linaro 4.6.3-1ubuntu5) 
configure:10877: $? = 0
configure:10884: gcc -V >&5
gcc: error: unrecognized option '-V'
gcc: fatal error: no input files
compilation terminated.
configure:10887: $? = 4
configure:10890: checking whether we are using the GNU C compiler
configure:10942: result: yes
configure:10947: checking whether gcc accepts -g
configure:11082: result: yes
configure:11099: checking for gcc option to accept ISO C89
configure:11202: result: none needed
configure:11220: checking whether make sets $(MAKE)
configure:11241: result: yes
configure:11263: checking for a BSD-compatible install
configure:11319: result: /usr/bin/install -c
configure:11339: checking for special C compiler options needed for large files
configure:11432: result: no
configure:11438: checking for _FILE_OFFSET_BITS value needed for large files
configure:11473: gcc -c -g -O2  conftest.c >&5
configure:11479: $? = 0
configure:11547: result: no
configure:11753: checking whether the C compiler accepts -Wall
configure:11777: gcc -c -Wall  conftest.c >&5
configure:11783: $? = 0
configure:11788: result: yes
configure:12188: checking for getopt
configure:12244: gcc -o conftest -O2 -Wall  -L$(top_srcdir)/lib  conftest.c  >&5
configure:12250: $? = 0
configure:12268: result: yes
configure:12289: checking getopt.h usability
configure:12306: gcc -c -O2 -Wall  conftest.c >&5
configure:12312: $? = 0
configure:12326: result: yes
configure:12330: checking getopt.h presence
configure:12345: gcc -E  conftest.c
configure:12351: $? = 0
configure:12365: result: yes
configure:12393: checking for getopt.h
configure:12401: result: yes
configure:12418: checking for getopt_long
configure:12474: gcc -o conftest -O2 -Wall  -L$(top_srcdir)/lib  conftest.c  >&5
configure:12480: $? = 0
configure:12498: result: yes
configure:13256: checking which extension is used for runtime loadable modules
configure:13266: result: .so
configure:13276: checking which variable specifies run-time module search path
configure:13283: result: LD_LIBRARY_PATH
configure:13293: checking for the default library search path
configure:13300: result: /lib /usr/lib /usr/local/lib /lib/x86_64-linux-gnu /usr/lib/x86_64-linux-gnu /usr/lib/x86_64-linux-gnu/mesa 
configure:13330: checking for library containing dlopen
configure:13371: gcc -o conftest -O2 -Wall  -L$(top_srcdir)/lib  conftest.c  >&5
/tmp/ccQciU74.o: In function `main':
conftest.c:(.text.startup+0x7): undefined reference to `dlopen'
collect2: ld returned 1 exit status
configure:13377: $? = 1
configure: failed program was:
| /* confdefs.h.  */
| #define PACKAGE_NAME ""
| #define PACKAGE_TARNAME ""
| #define PACKAGE_VERSION ""
| #define PACKAGE_STRING ""
| #define PACKAGE_BUGREPORT ""
| #define PR_BUILD_OPTS ""
| #define PR_PLATFORM "LINUX"
| #define STDC_HEADERS 1
| #define HAVE_SYS_TYPES_H 1
| #define HAVE_SYS_STAT_H 1
| #define HAVE_STDLIB_H 1
| #define HAVE_STRING_H 1
| #define HAVE_MEMORY_H 1
| #define HAVE_STRINGS_H 1
| #define HAVE_INTTYPES_H 1
| #define HAVE_STDINT_H 1
| #define HAVE_UNISTD_H 1
| #define HAVE_DLFCN_H 1
| #define LT_OBJDIR ".libs/"
| #define HAVE_GETOPT 1
| #define HAVE_GETOPT_H 1
| #define HAVE_GETOPT_LONG 1
| #define PR_USE_SYSTEM_GETOPT 1
| #define LT_MODULE_EXT ".so"
| #define LT_MODULE_PATH_VAR "LD_LIBRARY_PATH"
| #define LT_DLSEARCH_PATH "/lib:/usr/lib:/usr/local/lib:/lib/x86_64-linux-gnu:/usr/lib/x86_64-linux-gnu:/usr/lib/x86_64-linux-gnu/mesa"
| /* end confdefs.h.  */
| 
| /* Override any GCC internal prototype to avoid an error.
|    Use char because int might match the return type of a GCC
|    builtin and then its argument prototype would still apply.  */
| #ifdef __cplusplus
| extern "C"
| #endif
| char dlopen ();
| int
| main ()
| {
| return dlopen ();
|   ;
|   return 0;
| }
configure:13371: gcc -o conftest -O2 -Wall  -L$(top_srcdir)/lib  conftest.c -ldl   >&5

## ---------------- ##
## Cache variables. ##
## ---------------- ##

ac_cv_build=x86_64-unknown-linux-gnu
ac_cv_c_compiler_gnu=yes
ac_cv_env_CC_set=
ac_cv_env_CC_value=
ac_cv_env_CFLAGS_set=
ac_cv_env_CFLAGS_value=
ac_cv_env_CPPFLAGS_set=
ac_cv_env_CPPFLAGS_value=
ac_cv_env_CPP_set=
ac_cv_env_CPP_value=
ac_cv_env_LDFLAGS_set=
ac_cv_env_LDFLAGS_value=
ac_cv_env_LIBS_set=
ac_cv_env_LIBS_value=
ac_cv_env_build_alias_set=
ac_cv_env_build_alias_value=
ac_cv_env_host_alias_set=
ac_cv_env_host_alias_value=
ac_cv_env_target_alias_set=
ac_cv_env_target_alias_value=
ac_cv_func_dlopen=no
ac_cv_func_getopt=yes
ac_cv_func_getopt_long=yes
ac_cv_func_shl_load=no
ac_cv_header_dlfcn_h=yes
ac_cv_header_getopt_h=yes
ac_cv_header_inttypes_h=yes
ac_cv_header_memory_h=yes
ac_cv_header_stdc=yes
ac_cv_header_stdint_h=yes
ac_cv_header_stdlib_h=yes
ac_cv_header_string_h=yes
ac_cv_header_strings_h=yes
ac_cv_header_sys_stat_h=yes
ac_cv_header_sys_types_h=yes
ac_cv_header_unistd_h=yes
ac_cv_host=x86_64-unknown-linux-gnu
ac_cv_lib_dl_dlopen=yes
ac_cv_lib_dld_shl_load=no
ac_cv_objext=o
ac_cv_path_EGREP='/bin/grep -E'
ac_cv_path_FGREP='/bin/grep -F'
ac_cv_path_GREP=/bin/grep
ac_cv_path_SED=/bin/sed
ac_cv_path_install='/usr/bin/install -c'
ac_cv_prog_CPP='gcc -E'
ac_cv_prog_ac_ct_AR=ar
ac_cv_prog_ac_ct_CC=gcc
ac_cv_prog_ac_ct_OBJDUMP=objdump
ac_cv_prog_ac_ct_RANLIB=ranlib
ac_cv_prog_ac_ct_STRIP=strip
ac_cv_prog_cc_c89=
ac_cv_prog_cc_g=yes
ac_cv_prog_make_make_set=yes
ac_cv_sys_file_offset_bits=no
ac_cv_sys_largefile_CC=no
ac_cv_target=x86_64-unknown-linux-gnu
libltdl_cv_shlibext=.so
lt_cv_deplibs_check_method=pass_all
lt_cv_dlopen=dlopen
lt_cv_dlopen_libs=-ldl
lt_cv_dlopen_self=yes
lt_cv_dlopen_self_static=no
lt_cv_file_magic_cmd='$MAGIC_CMD'
lt_cv_file_magic_test_file=
lt_cv_ld_reload_flag=-r
lt_cv_module_path_var=LD_LIBRARY_PATH
lt_cv_nm_interface='BSD nm'
lt_cv_objdir=.libs
lt_cv_path_LD=/usr/bin/ld
lt_cv_path_NM='/usr/bin/nm -B'
lt_cv_prog_compiler_c_o=yes
lt_cv_prog_compiler_pic_works=yes
lt_cv_prog_compiler_rtti_exceptions=no
lt_cv_prog_compiler_static_works=yes
lt_cv_prog_gnu_ld=yes
lt_cv_sys_dlsearch_path='/lib /usr/lib /usr/local/lib /lib/x86_64-linux-gnu /usr/lib/x86_64-linux-gnu /usr/lib/x86_64-linux-gnu/mesa '
lt_cv_sys_global_symbol_pipe='sed -n -e '\''s/^.*[	 ]\([ABCDGIRSTW][ABCDGIRSTW]*\)[	 ][	 ]*\([_A-Za-z][_A-Za-z0-9]*\)$/\1 \2 \2/p'\'''
lt_cv_sys_global_symbol_to_c_name_address='sed -n -e '\''s/^: \([^ ]*\) $/  {\"\1\", (void *) 0},/p'\'' -e '\''s/^[ABCDGIRSTW]* \([^ ]*\) \([^ ]*\)$/  {"\2", (void *) \&\2},/p'\'''
lt_cv_sys_global_symbol_to_c_name_address_lib_prefix='sed -n -e '\''s/^: \([^ ]*\) $/  {\"\1\", (void *) 0},/p'\'' -e '\''s/^[ABCDGIRSTW]* \([^ ]*\) \(lib[^ ]*\)$/  {"\2", (void *) \&\2},/p'\'' -e '\''s/^[ABCDGIRSTW]* \([^ ]*\) \([^ ]*\)$/  {"lib\2", (void *) \&\2},/p'\'''
lt_cv_sys_global_symbol_to_cdecl='sed -n -e '\''s/^T .* \(.*\)$/extern int \1();/p'\'' -e '\''s/^[ABCDGIRSTW]* .* \(.*\)$/extern char \1;/p'\'''
lt_cv_sys_max_cmd_len=1572864

## ----------------- ##
## Output variables. ##
## ----------------- ##

ADDL_CPPFLAGS=''
ADDL_DIRS=''
ALLOCA=''
AR='ar'
ARGZ_H=''
BINDIR='/usr/local/bin'
BUILD_SHARED_MODULE_OBJS=''
BUILD_STATIC_MODULE_ARCHIVES=''
BUILD_STATIC_MODULE_OBJS=''
CC='gcc'
CFLAGS='-O2 -Wall'
CONFIG_SHELL='/bin/bash'
CPP='gcc -E'
CPPFLAGS=''
CURSES_LIBS=''
DATADIR='/usr/locale/share'
DEFS=''
DSYMUTIL=''
DUMPBIN=''
ECHO_C=''
ECHO_N='-n'
ECHO_T=''
EGREP='/bin/grep -E'
ENABLE_NLS=''
ENABLE_TESTS=''
EXEEXT=''
FGREP='/bin/grep -F'
GLUE_MODULE_OBJS=''
GREP='/bin/grep'
INCLTDL=''
INCLUDEDIR='/usr/local/include'
INCLUDES=''
INSTALL_DATA='${INSTALL} -m 644'
INSTALL_DEPS=''
INSTALL_PROGRAM='${INSTALL}'
INSTALL_SCRIPT='${INSTALL}'
INSTALL_STRIP=''
LD='/usr/bin/ld -m elf_x86_64'
LDFLAGS='-L$(top_srcdir)/lib '
LIBADD_DL=''
LIBADD_DLD_LINK=''
LIBADD_DLOPEN=''
LIBADD_SHL_LOAD=''
LIBDIRS=''
LIBEXECDIR='/usr/local/libexec'
LIBLTDL=''
LIBOBJS=''
LIBRARIES=''
LIBS='-ldl  '
LIBTOOL='$(SHELL) $(top_builddir)/libtool'
LIBTOOL_DEPS='.//ltmain.sh'
LIB_DEPS='""'
LIB_OBJS='pr_fnmatch.o sstrncpy.o strsep.o vsnprintf.o glibc-glob.o glibc-hstrerror.o glibc-mkstemp.o pr-syslog.o pwgrent.o tpl.o'
LIPO=''
LN_S='ln -s'
LOCALSTATEDIR='/usr/local/var'
LTDLDEPS=''
LTDLINCL=''
LTDLOPEN=''
LTLIBOBJS=''
LT_CONFIG_H=''
LT_DLLOADERS=''
LT_DLPREOPEN=''
MAIN_LDFLAGS=''
MAIN_LIBS=''
MODULE_DEPS=''
MODULE_LDFLAGS=''
NM='/usr/bin/nm -B'
NMEDIT=''
OBJDUMP='objdump'
OBJEXT='o'
OSREL='-DLINUX'
OSTYPE=''
OTOOL64=''
OTOOL=''
PACKAGE_BUGREPORT=''
PACKAGE_NAME=''
PACKAGE_STRING=''
PACKAGE_TARNAME=''
PACKAGE_VERSION=''
PATH_SEPARATOR=':'
PREFIX='/usr/local'
RANLIB='ranlib'
SBINDIR='/usr/local/sbin'
SED='/bin/sed'
SET_MAKE=''
SHARED_MODULE_DIRS=''
SHARED_MODULE_LIBS=''
SHARED_MODULE_OBJS=''
SHELL='/bin/bash'
STATIC_MODULE_DIRS=''
STATIC_MODULE_OBJS=''
STRIP='strip'
SYSCONFDIR='/usr/local/etc'
UTILS_LIBS=''
VERSION=''
ac_ct_CC='gcc'
ac_ct_DUMPBIN=''
bindir='/usr/local/bin'
build='x86_64-unknown-linux-gnu'
build_alias=''
build_cpu='x86_64'
build_os='linux-gnu'
build_vendor='unknown'
datadir='/usr/locale/share'
datarootdir='${prefix}/share'
docdir='${datarootdir}/doc/${PACKAGE}'
dvidir='${docdir}'
exec_prefix='NONE'
host='x86_64-unknown-linux-gnu'
host_alias=''
host_cpu='x86_64'
host_os='linux-gnu'
host_vendor='unknown'
htmldir='${docdir}'
includedir='${prefix}/include'
infodir='${datarootdir}/info'
install_group=''
install_user=''
libdir='${exec_prefix}/lib'
libexecdir='/usr/local/libexec'
localedir='${datarootdir}/locale'
localstatedir='${prefix}/var'
lt_ECHO='echo'
ltdl_LIBOBJS=''
ltdl_LTLIBOBJS=''
mandir='${datarootdir}/man'
oldincludedir='/usr/include'
pdfdir='${docdir}'
pkgconfigdir='NONE'
prefix='/usr/local'
program_transform_name='s,x,x,'
psdir='${docdir}'
sbindir='/usr/local/sbin'
sharedstatedir='${prefix}/com'
subdirs=''
sys_symbol_underscore=''
sysconfdir='${prefix}/etc'
target='x86_64-unknown-linux-gnu'
target_alias=''
target_cpu='x86_64'
target_os='linux-gnu'
target_vendor='unknown'

## ----------- ##
## confdefs.h. ##
## ----------- ##

#define PACKAGE_NAME ""
#define PACKAGE_TARNAME ""
#define PACKAGE_VERSION ""
#define PACKAGE_STRING ""
#define PACKAGE_BUGREPORT ""
#define PR_BUILD_OPTS ""
#define PR_PLATFORM "LINUX"
#define STDC_HEADERS 1
#define HAVE_SYS_TYPES_H 1
#define HAVE_SYS_STAT_H 1
#define HAVE_STDLIB_H 1
#define HAVE_STRING_H 1
#define HAVE_MEMORY_H 1
#define HAVE_STRINGS_H 1
#define HAVE_INTTYPES_H 1
#define HAVE_STDINT_H 1
#define HAVE_UNISTD_H 1
#define HAVE_DLFCN_H 1
#define LT_OBJDIR ".libs/"
#define HAVE_GETOPT 1
#define HAVE_GETOPT_H 1
#define HAVE_GETOPT_LONG 1
#define PR_USE_SYSTEM_GETOPT 1
#define LT_MODULE_EXT ".so"
#define LT_MODULE_PATH_VAR "LD_LIBRARY_PATH"
#define LT_DLSEARCH_PATH "/lib:/usr/lib:/usr/local/lib:/lib/x86_64-linux-gnu:/usr/lib/x86_64-linux-gnu:/usr/lib/x86_64-linux-gnu/mesa"

configure: caught signal 2
configure: exit 1
