This file contains any messages produced by compilers while
running configure, to aid debugging if configure makes a mistake.

It was created by configure, which was
generated by GNU Autoconf 2.68.  Invocation command line was

  $ ./configure 

## --------- ##
## Platform. ##
## --------- ##

hostname = jun-VBU1204
uname -m = x86_64
uname -r = 3.8.0-34-generic
uname -s = Linux
uname -v = #49~precise1-Ubuntu SMP Wed Nov 13 18:05:00 UTC 2013

/usr/bin/uname -p = unknown
/bin/uname -X     = unknown

/bin/arch              = unknown
/usr/bin/arch -k       = unknown
/usr/convex/getsysinfo = unknown
/usr/bin/hostinfo      = unknown
/bin/machine           = unknown
/usr/bin/oslevel       = unknown
/bin/universe          = unknown

PATH: /usr/local/sbin
PATH: /usr/local/bin
PATH: /usr/sbin
PATH: /usr/bin
PATH: /sbin
PATH: /bin
PATH: /usr/games


## ----------- ##
## Core tests. ##
## ----------- ##

configure:2522: configuring for GNU Wget 1.11.4
configure:2561: checking build system type
configure:2575: result: x86_64-unknown-linux-gnu
configure:2595: checking host system type
configure:2608: result: x86_64-unknown-linux-gnu
configure:2694: checking whether make sets $(MAKE)
configure:2716: result: yes
configure:2740: checking for a BSD-compatible install
configure:2808: result: /usr/bin/install -c
configure:2872: checking for gcc
configure:2888: found /usr/bin/gcc
configure:2899: result: gcc
configure:3128: checking for C compiler version
configure:3137: gcc --version >&5
gcc (Ubuntu/Linaro 4.6.3-1ubuntu5) 4.6.3
Copyright (C) 2011 Free Software Foundation, Inc.
This is free software; see the source for copying conditions.  There is NO
warranty; not even for MERCHANTABILITY or FITNESS FOR A PARTICULAR PURPOSE.

configure:3148: $? = 0
configure:3137: gcc -v >&5
Using built-in specs.
COLLECT_GCC=gcc
COLLECT_LTO_WRAPPER=/usr/lib/gcc/x86_64-linux-gnu/4.6/lto-wrapper
Target: x86_64-linux-gnu
Configured with: ../src/configure -v --with-pkgversion='Ubuntu/Linaro 4.6.3-1ubuntu5' --with-bugurl=file:///usr/share/doc/gcc-4.6/README.Bugs --enable-languages=c,c++,fortran,objc,obj-c++ --prefix=/usr --program-suffix=-4.6 --enable-shared --enable-linker-build-id --with-system-zlib --libexecdir=/usr/lib --without-included-gettext --enable-threads=posix --with-gxx-include-dir=/usr/include/c++/4.6 --libdir=/usr/lib --enable-nls --with-sysroot=/ --enable-clocale=gnu --enable-libstdcxx-debug --enable-libstdcxx-time=yes --enable-gnu-unique-object --enable-plugin --enable-objc-gc --disable-werror --with-arch-32=i686 --with-tune=generic --enable-checking=release --build=x86_64-linux-gnu --host=x86_64-linux-gnu --target=x86_64-linux-gnu
Thread model: posix
gcc version 4.6.3 (Ubuntu/Linaro 4.6.3-1ubuntu5) 
configure:3148: $? = 0
configure:3137: gcc -V >&5
gcc: error: unrecognized option '-V'
gcc: fatal error: no input files
compilation terminated.
configure:3148: $? = 4
configure:3137: gcc -qversion >&5
gcc: error: unrecognized option '-qversion'
gcc: fatal error: no input files
compilation terminated.
configure:3148: $? = 4
configure:3168: checking whether the C compiler works
configure:3190: gcc    conftest.c  >&5
configure:3194: $? = 0
configure:3242: result: yes
configure:3245: checking for C compiler default output file name
configure:3247: result: a.out
configure:3253: checking for suffix of executables
configure:3260: gcc -o conftest    conftest.c  >&5
configure:3264: $? = 0
configure:3286: result: 
configure:3308: checking whether we are cross compiling
configure:3316: gcc -o conftest    conftest.c  >&5
configure:3320: $? = 0
configure:3327: ./conftest
configure:3331: $? = 0
configure:3346: result: no
configure:3351: checking for suffix of object files
configure:3373: gcc -c   conftest.c >&5
configure:3377: $? = 0
configure:3398: result: o
configure:3402: checking whether we are using the GNU C compiler
configure:3421: gcc -c   conftest.c >&5
configure:3421: $? = 0
configure:3430: result: yes
configure:3439: checking whether gcc accepts -g
configure:3459: gcc -c -g  conftest.c >&5
configure:3459: $? = 0
configure:3500: result: yes
configure:3517: checking for gcc option to accept ISO C89
configure:3581: gcc  -c   conftest.c >&5
configure:3581: $? = 0
configure:3594: result: none needed
configure:3620: checking how to run the C preprocessor
configure:3651: gcc -E  conftest.c
configure:3651: $? = 0
configure:3665: gcc -E  conftest.c
conftest.c:13:28: fatal error: ac_nonexistent.h: No such file or directory
compilation terminated.
configure:3665: $? = 1
configure: failed program was:
| /* confdefs.h */
| #define PACKAGE_NAME ""
| #define PACKAGE_TARNAME ""
| #define PACKAGE_VERSION ""
| #define PACKAGE_STRING ""
| #define PACKAGE_BUGREPORT ""
| #define PACKAGE_URL ""
| #define OS_TYPE "linux-gnu"
| #define ENABLE_OPIE 1
| #define ENABLE_DIGEST 1
| #define ENABLE_DEBUG 1
| /* end confdefs.h.  */
| #include <ac_nonexistent.h>
configure:3690: result: gcc -E
configure:3710: gcc -E  conftest.c
configure:3710: $? = 0
configure:3724: gcc -E  conftest.c
conftest.c:13:28: fatal error: ac_nonexistent.h: No such file or directory
compilation terminated.
configure:3724: $? = 1
configure: failed program was:
| /* confdefs.h */
| #define PACKAGE_NAME ""
| #define PACKAGE_TARNAME ""
| #define PACKAGE_VERSION ""
| #define PACKAGE_STRING ""
| #define PACKAGE_BUGREPORT ""
| #define PACKAGE_URL ""
| #define OS_TYPE "linux-gnu"
| #define ENABLE_OPIE 1
| #define ENABLE_DIGEST 1
| #define ENABLE_DEBUG 1
| /* end confdefs.h.  */
| #include <ac_nonexistent.h>
configure:3753: checking for grep that handles long lines and -e
configure:3811: result: /bin/grep
configure:3816: checking for egrep
configure:3878: result: /bin/grep -E
configure:3883: checking for ANSI C header files
configure:3903: gcc -c   conftest.c >&5
configure:3903: $? = 0
configure:3976: gcc -o conftest    conftest.c  >&5
configure:3976: $? = 0
configure:3976: ./conftest
configure:3976: $? = 0
configure:3987: result: yes
configure:4000: checking for sys/types.h
configure:4000: gcc -c   conftest.c >&5
configure:4000: $? = 0
configure:4000: result: yes
configure:4000: checking for sys/stat.h
configure:4000: gcc -c   conftest.c >&5
configure:4000: $? = 0
configure:4000: result: yes
configure:4000: checking for stdlib.h
configure:4000: gcc -c   conftest.c >&5
configure:4000: $? = 0
configure:4000: result: yes
configure:4000: checking for string.h
configure:4000: gcc -c   conftest.c >&5
configure:4000: $? = 0
configure:4000: result: yes
configure:4000: checking for memory.h
configure:4000: gcc -c   conftest.c >&5
configure:4000: $? = 0
configure:4000: result: yes
configure:4000: checking for strings.h
configure:4000: gcc -c   conftest.c >&5
configure:4000: $? = 0
configure:4000: result: yes
configure:4000: checking for inttypes.h
configure:4000: gcc -c   conftest.c >&5
configure:4000: $? = 0
configure:4000: result: yes
configure:4000: checking for stdint.h
configure:4000: gcc -c   conftest.c >&5
configure:4000: $? = 0
configure:4000: result: yes
configure:4000: checking for unistd.h
configure:4000: gcc -c   conftest.c >&5
configure:4000: $? = 0
configure:4000: result: yes
configure:4013: checking minix/config.h usability
configure:4013: gcc -c   conftest.c >&5
conftest.c:56:26: fatal error: minix/config.h: No such file or directory
compilation terminated.
configure:4013: $? = 1
configure: failed program was:
| /* confdefs.h */
| #define PACKAGE_NAME ""
| #define PACKAGE_TARNAME ""
| #define PACKAGE_VERSION ""
| #define PACKAGE_STRING ""
| #define PACKAGE_BUGREPORT ""
| #define PACKAGE_URL ""
| #define OS_TYPE "linux-gnu"
| #define ENABLE_OPIE 1
| #define ENABLE_DIGEST 1
| #define ENABLE_DEBUG 1
| #define STDC_HEADERS 1
| #define HAVE_SYS_TYPES_H 1
| #define HAVE_SYS_STAT_H 1
| #define HAVE_STDLIB_H 1
| #define HAVE_STRING_H 1
| #define HAVE_MEMORY_H 1
| #define HAVE_STRINGS_H 1
| #define HAVE_INTTYPES_H 1
| #define HAVE_STDINT_H 1
| #define HAVE_UNISTD_H 1
| /* end confdefs.h.  */
| #include <stdio.h>
| #ifdef HAVE_SYS_TYPES_H
| # include <sys/types.h>
| #endif
| #ifdef HAVE_SYS_STAT_H
| # include <sys/stat.h>
| #endif
| #ifdef STDC_HEADERS
| # include <stdlib.h>
| # include <stddef.h>
| #else
| # ifdef HAVE_STDLIB_H
| #  include <stdlib.h>
| # endif
| #endif
| #ifdef HAVE_STRING_H
| # if !defined STDC_HEADERS && defined HAVE_MEMORY_H
| #  include <memory.h>
| # endif
| # include <string.h>
| #endif
| #ifdef HAVE_STRINGS_H
| # include <strings.h>
| #endif
| #ifdef HAVE_INTTYPES_H
| # include <inttypes.h>
| #endif
| #ifdef HAVE_STDINT_H
| # include <stdint.h>
| #endif
| #ifdef HAVE_UNISTD_H
| # include <unistd.h>
| #endif
| #include <minix/config.h>
configure:4013: result: no
configure:4013: checking minix/config.h presence
configure:4013: gcc -E  conftest.c
conftest.c:23:26: fatal error: minix/config.h: No such file or directory
compilation terminated.
configure:4013: $? = 1
configure: failed program was:
| /* confdefs.h */
| #define PACKAGE_NAME ""
| #define PACKAGE_TARNAME ""
| #define PACKAGE_VERSION ""
| #define PACKAGE_STRING ""
| #define PACKAGE_BUGREPORT ""
| #define PACKAGE_URL ""
| #define OS_TYPE "linux-gnu"
| #define ENABLE_OPIE 1
| #define ENABLE_DIGEST 1
| #define ENABLE_DEBUG 1
| #define STDC_HEADERS 1
| #define HAVE_SYS_TYPES_H 1
| #define HAVE_SYS_STAT_H 1
| #define HAVE_STDLIB_H 1
| #define HAVE_STRING_H 1
| #define HAVE_MEMORY_H 1
| #define HAVE_STRINGS_H 1
| #define HAVE_INTTYPES_H 1
| #define HAVE_STDINT_H 1
| #define HAVE_UNISTD_H 1
| /* end confdefs.h.  */
| #include <minix/config.h>
configure:4013: result: no
configure:4013: checking for minix/config.h
configure:4013: result: no
configure:4034: checking whether it is safe to define __EXTENSIONS__
configure:4052: gcc -c   conftest.c >&5
configure:4052: $? = 0
configure:4059: result: yes
configure:4087: checking for an ANSI C-conforming const
configure:4152: gcc -c  -O2 -Wall  conftest.c >&5
conftest.c: In function 'main':
conftest.c:57:10: warning: 't' is used uninitialized in this function [-Wuninitialized]
configure:4152: $? = 0
configure:4159: result: yes
configure:4167: checking for inline
configure:4183: gcc -c  -O2 -Wall  conftest.c >&5
configure:4183: $? = 0
configure:4191: result: inline
configure:4209: checking for working volatile
configure:4228: gcc -c  -O2 -Wall  conftest.c >&5
configure:4228: $? = 0
configure:4235: result: yes
configure:4244: checking for ANSI C header files
configure:4348: result: yes
configure:4364: checking for special C compiler options needed for large files
configure:4409: result: no
configure:4415: checking for _FILE_OFFSET_BITS value needed for large files
configure:4440: gcc -c  -O2 -Wall  conftest.c >&5
configure:4440: $? = 0
configure:4472: result: no
configure:4559: checking size of off_t
configure:4564: gcc -o conftest  -O2 -Wall   conftest.c  >&5
configure:4564: $? = 0
configure:4564: ./conftest
configure:4564: $? = 0
configure:4578: result: 8
configure:4589: checking for stdbool.h that conforms to C99
configure:4656: gcc -c  -O2 -Wall  conftest.c >&5
conftest.c: In function 'main':
conftest.c:79:2: warning: the address of 's' will always evaluate as 'true' [-Waddress]
conftest.c:83:10: warning: the address of 'a' will always evaluate as 'true' [-Waddress]
conftest.c:83:15: warning: the address of 'b' will always evaluate as 'true' [-Waddress]
conftest.c:83:20: warning: the address of 'c' will always evaluate as 'true' [-Waddress]
conftest.c:83:25: warning: the address of 'd' will always evaluate as 'true' [-Waddress]
conftest.c:83:35: warning: the address of 'f' will always evaluate as 'true' [-Waddress]
conftest.c:83:40: warning: the address of 'g' will always evaluate as 'true' [-Waddress]
conftest.c:83:45: warning: the address of 'h' will always evaluate as 'true' [-Waddress]
conftest.c:83:50: warning: the address of 'i' will always evaluate as 'true' [-Waddress]
conftest.c:84:10: warning: the address of 'n' will always evaluate as 'true' [-Waddress]
conftest.c:84:15: warning: the address of 'o' will always evaluate as 'true' [-Waddress]
conftest.c:84:20: warning: the address of 'p' will always evaluate as 'true' [-Waddress]
configure:4656: $? = 0
configure:4663: result: yes
configure:4665: checking for _Bool
configure:4665: gcc -c  -O2 -Wall  conftest.c >&5
configure:4665: $? = 0
configure:4665: gcc -c  -O2 -Wall  conftest.c >&5
conftest.c: In function 'main':
conftest.c:66:20: error: expected expression before ')' token
configure:4665: $? = 1
configure: failed program was:
| /* confdefs.h */
| #define PACKAGE_NAME ""
| #define PACKAGE_TARNAME ""
| #define PACKAGE_VERSION ""
| #define PACKAGE_STRING ""
| #define PACKAGE_BUGREPORT ""
| #define PACKAGE_URL ""
| #define OS_TYPE "linux-gnu"
| #define ENABLE_OPIE 1
| #define ENABLE_DIGEST 1
| #define ENABLE_DEBUG 1
| #define STDC_HEADERS 1
| #define HAVE_SYS_TYPES_H 1
| #define HAVE_SYS_STAT_H 1
| #define HAVE_STDLIB_H 1
| #define HAVE_STRING_H 1
| #define HAVE_MEMORY_H 1
| #define HAVE_STRINGS_H 1
| #define HAVE_INTTYPES_H 1
| #define HAVE_STDINT_H 1
| #define HAVE_UNISTD_H 1
| #define __EXTENSIONS__ 1
| #define _ALL_SOURCE 1
| #define _GNU_SOURCE 1
| #define _POSIX_PTHREAD_SEMANTICS 1
| #define _TANDEM_SOURCE 1
| #define STDC_HEADERS 1
| #define SIZEOF_OFF_T 8
| /* end confdefs.h.  */
| #include <stdio.h>
| #ifdef HAVE_SYS_TYPES_H
| # include <sys/types.h>
| #endif
| #ifdef HAVE_SYS_STAT_H
| # include <sys/stat.h>
| #endif
| #ifdef STDC_HEADERS
| # include <stdlib.h>
| # include <stddef.h>
| #else
| # ifdef HAVE_STDLIB_H
| #  include <stdlib.h>
| # endif
| #endif
| #ifdef HAVE_STRING_H
| # if !defined STDC_HEADERS && defined HAVE_MEMORY_H
| #  include <memory.h>
| # endif
| # include <string.h>
| #endif
| #ifdef HAVE_STRINGS_H
| # include <strings.h>
| #endif
| #ifdef HAVE_INTTYPES_H
| # include <inttypes.h>
| #endif
| #ifdef HAVE_STDINT_H
| # include <stdint.h>
| #endif
| #ifdef HAVE_UNISTD_H
| # include <unistd.h>
| #endif
| int
| main ()
| {
| if (sizeof ((_Bool)))
| 	    return 0;
|   ;
|   return 0;
| }
configure:4665: result: yes
configure:4684: checking for unistd.h
configure:4684: result: yes
configure:4684: checking sys/time.h usability
configure:4684: gcc -c  -O2 -Wall  conftest.c >&5
configure:4684: $? = 0
configure:4684: result: yes
configure:4684: checking sys/time.h presence
configure:4684: gcc -E  conftest.c
configure:4684: $? = 0
configure:4684: result: yes
configure:4684: checking for sys/time.h
configure:4684: result: yes
configure:4697: checking termios.h usability
configure:4697: gcc -c  -O2 -Wall  conftest.c >&5
configure:4697: $? = 0
configure:4697: result: yes
configure:4697: checking termios.h presence
configure:4697: gcc -E  conftest.c
configure:4697: $? = 0
configure:4697: result: yes
configure:4697: checking for termios.h
configure:4697: result: yes
configure:4697: checking sys/ioctl.h usability
configure:4697: gcc -c  -O2 -Wall  conftest.c >&5
configure:4697: $? = 0
configure:4697: result: yes
configure:4697: checking sys/ioctl.h presence
configure:4697: gcc -E  conftest.c
configure:4697: $? = 0
configure:4697: result: yes
configure:4697: checking for sys/ioctl.h
configure:4697: result: yes
configure:4697: checking sys/select.h usability
configure:4697: gcc -c  -O2 -Wall  conftest.c >&5
configure:4697: $? = 0
configure:4697: result: yes
configure:4697: checking sys/select.h presence
configure:4697: gcc -E  conftest.c
configure:4697: $? = 0
configure:4697: result: yes
configure:4697: checking for sys/select.h
configure:4697: result: yes
configure:4697: checking utime.h usability
configure:4697: gcc -c  -O2 -Wall  conftest.c >&5
configure:4697: $? = 0
configure:4697: result: yes
configure:4697: checking utime.h presence
configure:4697: gcc -E  conftest.c
configure:4697: $? = 0
configure:4697: result: yes
configure:4697: checking for utime.h
configure:4697: result: yes
configure:4697: checking sys/utime.h usability
configure:4697: gcc -c  -O2 -Wall  conftest.c >&5
conftest.c:71:23: fatal error: sys/utime.h: No such file or directory
compilation terminated.
configure:4697: $? = 1
configure: failed program was:
| /* confdefs.h */
| #define PACKAGE_NAME ""
| #define PACKAGE_TARNAME ""
| #define PACKAGE_VERSION ""
| #define PACKAGE_STRING ""
| #define PACKAGE_BUGREPORT ""
| #define PACKAGE_URL ""
| #define OS_TYPE "linux-gnu"
| #define ENABLE_OPIE 1
| #define ENABLE_DIGEST 1
| #define ENABLE_DEBUG 1
| #define STDC_HEADERS 1
| #define HAVE_SYS_TYPES_H 1
| #define HAVE_SYS_STAT_H 1
| #define HAVE_STDLIB_H 1
| #define HAVE_STRING_H 1
| #define HAVE_MEMORY_H 1
| #define HAVE_STRINGS_H 1
| #define HAVE_INTTYPES_H 1
| #define HAVE_STDINT_H 1
| #define HAVE_UNISTD_H 1
| #define __EXTENSIONS__ 1
| #define _ALL_SOURCE 1
| #define _GNU_SOURCE 1
| #define _POSIX_PTHREAD_SEMANTICS 1
| #define _TANDEM_SOURCE 1
| #define STDC_HEADERS 1
| #define SIZEOF_OFF_T 8
| #define HAVE__BOOL 1
| #define HAVE_STDBOOL_H 1
| #define HAVE_UNISTD_H 1
| #define HAVE_SYS_TIME_H 1
| #define HAVE_TERMIOS_H 1
| #define HAVE_SYS_IOCTL_H 1
| #define HAVE_SYS_SELECT_H 1
| #define HAVE_UTIME_H 1
| /* end confdefs.h.  */
| #include <stdio.h>
| #ifdef HAVE_SYS_TYPES_H
| # include <sys/types.h>
| #endif
| #ifdef HAVE_SYS_STAT_H
| # include <sys/stat.h>
| #endif
| #ifdef STDC_HEADERS
| # include <stdlib.h>
| # include <stddef.h>
| #else
| # ifdef HAVE_STDLIB_H
| #  include <stdlib.h>
| # endif
| #endif
| #ifdef HAVE_STRING_H
| # if !defined STDC_HEADERS && defined HAVE_MEMORY_H
| #  include <memory.h>
| # endif
| # include <string.h>
| #endif
| #ifdef HAVE_STRINGS_H
| # include <strings.h>
| #endif
| #ifdef HAVE_INTTYPES_H
| # include <inttypes.h>
| #endif
| #ifdef HAVE_STDINT_H
| # include <stdint.h>
| #endif
| #ifdef HAVE_UNISTD_H
| # include <unistd.h>
| #endif
| #include <sys/utime.h>
configure:4697: result: no
configure:4697: checking sys/utime.h presence
configure:4697: gcc -E  conftest.c
conftest.c:38:23: fatal error: sys/utime.h: No such file or directory
compilation terminated.
configure:4697: $? = 1
configure: failed program was:
| /* confdefs.h */
| #define PACKAGE_NAME ""
| #define PACKAGE_TARNAME ""
| #define PACKAGE_VERSION ""
| #define PACKAGE_STRING ""
| #define PACKAGE_BUGREPORT ""
| #define PACKAGE_URL ""
| #define OS_TYPE "linux-gnu"
| #define ENABLE_OPIE 1
| #define ENABLE_DIGEST 1
| #define ENABLE_DEBUG 1
| #define STDC_HEADERS 1
| #define HAVE_SYS_TYPES_H 1
| #define HAVE_SYS_STAT_H 1
| #define HAVE_STDLIB_H 1
| #define HAVE_STRING_H 1
| #define HAVE_MEMORY_H 1
| #define HAVE_STRINGS_H 1
| #define HAVE_INTTYPES_H 1
| #define HAVE_STDINT_H 1
| #define HAVE_UNISTD_H 1
| #define __EXTENSIONS__ 1
| #define _ALL_SOURCE 1
| #define _GNU_SOURCE 1
| #define _POSIX_PTHREAD_SEMANTICS 1
| #define _TANDEM_SOURCE 1
| #define STDC_HEADERS 1
| #define SIZEOF_OFF_T 8
| #define HAVE__BOOL 1
| #define HAVE_STDBOOL_H 1
| #define HAVE_UNISTD_H 1
| #define HAVE_SYS_TIME_H 1
| #define HAVE_TERMIOS_H 1
| #define HAVE_SYS_IOCTL_H 1
| #define HAVE_SYS_SELECT_H 1
| #define HAVE_UTIME_H 1
| /* end confdefs.h.  */
| #include <sys/utime.h>
configure:4697: result: no
configure:4697: checking for sys/utime.h
configure:4697: result: no
configure:4710: checking for stdint.h
configure:4710: result: yes
configure:4710: checking for inttypes.h
configure:4710: result: yes
configure:4710: checking pwd.h usability
configure:4710: gcc -c  -O2 -Wall  conftest.c >&5
configure:4710: $? = 0
configure:4710: result: yes
configure:4710: checking pwd.h presence
configure:4710: gcc -E  conftest.c
configure:4710: $? = 0
configure:4710: result: yes
configure:4710: checking for pwd.h
configure:4710: result: yes
configure:4710: checking wchar.h usability
configure:4710: gcc -c  -O2 -Wall  conftest.c >&5
configure:4710: $? = 0
configure:4710: result: yes
configure:4710: checking wchar.h presence
configure:4710: gcc -E  conftest.c
configure:4710: $? = 0
configure:4710: result: yes
configure:4710: checking for wchar.h
configure:4710: result: yes
configure:4725: checking size of short
configure:4730: gcc -o conftest  -O2 -Wall   conftest.c  >&5
configure:4730: $? = 0
configure:4730: ./conftest
configure:4730: $? = 0
configure:4744: result: 2
configure:4758: checking size of int
configure:4763: gcc -o conftest  -O2 -Wall   conftest.c  >&5
configure:4763: $? = 0
configure:4763: ./conftest
configure:4763: $? = 0
configure:4777: result: 4
configure:4791: checking size of long
configure:4796: gcc -o conftest  -O2 -Wall   conftest.c  >&5
configure:4796: $? = 0
configure:4796: ./conftest
configure:4796: $? = 0
configure:4810: result: 8
configure:4824: checking size of long long
configure:4829: gcc -o conftest  -O2 -Wall   conftest.c  >&5
configure:4829: $? = 0
configure:4829: ./conftest
configure:4829: $? = 0
configure:4843: result: 8
configure:4857: checking size of void *
configure:4862: gcc -o conftest  -O2 -Wall   conftest.c  >&5
configure:4862: $? = 0
configure:4862: ./conftest
configure:4862: $? = 0
configure:4876: result: 8
configure:4887: checking for size_t
configure:4887: gcc -c  -O2 -Wall  conftest.c >&5
configure:4887: $? = 0
configure:4887: gcc -c  -O2 -Wall  conftest.c >&5
conftest.c: In function 'main':
conftest.c:83:21: error: expected expression before ')' token
configure:4887: $? = 1
configure: failed program was:
| /* confdefs.h */
| #define PACKAGE_NAME ""
| #define PACKAGE_TARNAME ""
| #define PACKAGE_VERSION ""
| #define PACKAGE_STRING ""
| #define PACKAGE_BUGREPORT ""
| #define PACKAGE_URL ""
| #define OS_TYPE "linux-gnu"
| #define ENABLE_OPIE 1
| #define ENABLE_DIGEST 1
| #define ENABLE_DEBUG 1
| #define STDC_HEADERS 1
| #define HAVE_SYS_TYPES_H 1
| #define HAVE_SYS_STAT_H 1
| #define HAVE_STDLIB_H 1
| #define HAVE_STRING_H 1
| #define HAVE_MEMORY_H 1
| #define HAVE_STRINGS_H 1
| #define HAVE_INTTYPES_H 1
| #define HAVE_STDINT_H 1
| #define HAVE_UNISTD_H 1
| #define __EXTENSIONS__ 1
| #define _ALL_SOURCE 1
| #define _GNU_SOURCE 1
| #define _POSIX_PTHREAD_SEMANTICS 1
| #define _TANDEM_SOURCE 1
| #define STDC_HEADERS 1
| #define SIZEOF_OFF_T 8
| #define HAVE__BOOL 1
| #define HAVE_STDBOOL_H 1
| #define HAVE_UNISTD_H 1
| #define HAVE_SYS_TIME_H 1
| #define HAVE_TERMIOS_H 1
| #define HAVE_SYS_IOCTL_H 1
| #define HAVE_SYS_SELECT_H 1
| #define HAVE_UTIME_H 1
| #define HAVE_STDINT_H 1
| #define HAVE_INTTYPES_H 1
| #define HAVE_PWD_H 1
| #define HAVE_WCHAR_H 1
| #define SIZEOF_SHORT 2
| #define SIZEOF_INT 4
| #define SIZEOF_LONG 8
| #define SIZEOF_LONG_LONG 8
| #define SIZEOF_VOID_P 8
| /* end confdefs.h.  */
| #include <stdio.h>
| #ifdef HAVE_SYS_TYPES_H
| # include <sys/types.h>
| #endif
| #ifdef HAVE_SYS_STAT_H
| # include <sys/stat.h>
| #endif
| #ifdef STDC_HEADERS
| # include <stdlib.h>
| # include <stddef.h>
| #else
| # ifdef HAVE_STDLIB_H
| #  include <stdlib.h>
| # endif
| #endif
| #ifdef HAVE_STRING_H
| # if !defined STDC_HEADERS && defined HAVE_MEMORY_H
| #  include <memory.h>
| # endif
| # include <string.h>
| #endif
| #ifdef HAVE_STRINGS_H
| # include <strings.h>
| #endif
| #ifdef HAVE_INTTYPES_H
| # include <inttypes.h>
| #endif
| #ifdef HAVE_STDINT_H
| # include <stdint.h>
| #endif
| #ifdef HAVE_UNISTD_H
| # include <unistd.h>
| #endif
| int
| main ()
| {
| if (sizeof ((size_t)))
| 	    return 0;
|   ;
|   return 0;
| }
configure:4887: result: yes
configure:4898: checking for pid_t
configure:4898: gcc -c  -O2 -Wall  conftest.c >&5
configure:4898: $? = 0
configure:4898: gcc -c  -O2 -Wall  conftest.c >&5
conftest.c: In function 'main':
conftest.c:83:20: error: expected expression before ')' token
configure:4898: $? = 1
configure: failed program was:
| /* confdefs.h */
| #define PACKAGE_NAME ""
| #define PACKAGE_TARNAME ""
| #define PACKAGE_VERSION ""
| #define PACKAGE_STRING ""
| #define PACKAGE_BUGREPORT ""
| #define PACKAGE_URL ""
| #define OS_TYPE "linux-gnu"
| #define ENABLE_OPIE 1
| #define ENABLE_DIGEST 1
| #define ENABLE_DEBUG 1
| #define STDC_HEADERS 1
| #define HAVE_SYS_TYPES_H 1
| #define HAVE_SYS_STAT_H 1
| #define HAVE_STDLIB_H 1
| #define HAVE_STRING_H 1
| #define HAVE_MEMORY_H 1
| #define HAVE_STRINGS_H 1
| #define HAVE_INTTYPES_H 1
| #define HAVE_STDINT_H 1
| #define HAVE_UNISTD_H 1
| #define __EXTENSIONS__ 1
| #define _ALL_SOURCE 1
| #define _GNU_SOURCE 1
| #define _POSIX_PTHREAD_SEMANTICS 1
| #define _TANDEM_SOURCE 1
| #define STDC_HEADERS 1
| #define SIZEOF_OFF_T 8
| #define HAVE__BOOL 1
| #define HAVE_STDBOOL_H 1
| #define HAVE_UNISTD_H 1
| #define HAVE_SYS_TIME_H 1
| #define HAVE_TERMIOS_H 1
| #define HAVE_SYS_IOCTL_H 1
| #define HAVE_SYS_SELECT_H 1
| #define HAVE_UTIME_H 1
| #define HAVE_STDINT_H 1
| #define HAVE_INTTYPES_H 1
| #define HAVE_PWD_H 1
| #define HAVE_WCHAR_H 1
| #define SIZEOF_SHORT 2
| #define SIZEOF_INT 4
| #define SIZEOF_LONG 8
| #define SIZEOF_LONG_LONG 8
| #define SIZEOF_VOID_P 8
| /* end confdefs.h.  */
| #include <stdio.h>
| #ifdef HAVE_SYS_TYPES_H
| # include <sys/types.h>
| #endif
| #ifdef HAVE_SYS_STAT_H
| # include <sys/stat.h>
| #endif
| #ifdef STDC_HEADERS
| # include <stdlib.h>
| # include <stddef.h>
| #else
| # ifdef HAVE_STDLIB_H
| #  include <stdlib.h>
| # endif
| #endif
| #ifdef HAVE_STRING_H
| # if !defined STDC_HEADERS && defined HAVE_MEMORY_H
| #  include <memory.h>
| # endif
| # include <string.h>
| #endif
| #ifdef HAVE_STRINGS_H
| # include <strings.h>
| #endif
| #ifdef HAVE_INTTYPES_H
| # include <inttypes.h>
| #endif
| #ifdef HAVE_STDINT_H
| # include <stdint.h>
| #endif
| #ifdef HAVE_UNISTD_H
| # include <unistd.h>
| #endif
| int
| main ()
| {
| if (sizeof ((pid_t)))
| 	    return 0;
|   ;
|   return 0;
| }
configure:4898: result: yes
configure:4909: checking for uint32_t
configure:4909: gcc -c  -O2 -Wall  conftest.c >&5
configure:4909: $? = 0
configure:4909: gcc -c  -O2 -Wall  conftest.c >&5
conftest.c: In function 'main':
conftest.c:83:23: error: expected expression before ')' token
configure:4909: $? = 1
configure: failed program was:
| /* confdefs.h */
| #define PACKAGE_NAME ""
| #define PACKAGE_TARNAME ""
| #define PACKAGE_VERSION ""
| #define PACKAGE_STRING ""
| #define PACKAGE_BUGREPORT ""
| #define PACKAGE_URL ""
| #define OS_TYPE "linux-gnu"
| #define ENABLE_OPIE 1
| #define ENABLE_DIGEST 1
| #define ENABLE_DEBUG 1
| #define STDC_HEADERS 1
| #define HAVE_SYS_TYPES_H 1
| #define HAVE_SYS_STAT_H 1
| #define HAVE_STDLIB_H 1
| #define HAVE_STRING_H 1
| #define HAVE_MEMORY_H 1
| #define HAVE_STRINGS_H 1
| #define HAVE_INTTYPES_H 1
| #define HAVE_STDINT_H 1
| #define HAVE_UNISTD_H 1
| #define __EXTENSIONS__ 1
| #define _ALL_SOURCE 1
| #define _GNU_SOURCE 1
| #define _POSIX_PTHREAD_SEMANTICS 1
| #define _TANDEM_SOURCE 1
| #define STDC_HEADERS 1
| #define SIZEOF_OFF_T 8
| #define HAVE__BOOL 1
| #define HAVE_STDBOOL_H 1
| #define HAVE_UNISTD_H 1
| #define HAVE_SYS_TIME_H 1
| #define HAVE_TERMIOS_H 1
| #define HAVE_SYS_IOCTL_H 1
| #define HAVE_SYS_SELECT_H 1
| #define HAVE_UTIME_H 1
| #define HAVE_STDINT_H 1
| #define HAVE_INTTYPES_H 1
| #define HAVE_PWD_H 1
| #define HAVE_WCHAR_H 1
| #define SIZEOF_SHORT 2
| #define SIZEOF_INT 4
| #define SIZEOF_LONG 8
| #define SIZEOF_LONG_LONG 8
| #define SIZEOF_VOID_P 8
| /* end confdefs.h.  */
| #include <stdio.h>
| #ifdef HAVE_SYS_TYPES_H
| # include <sys/types.h>
| #endif
| #ifdef HAVE_SYS_STAT_H
| # include <sys/stat.h>
| #endif
| #ifdef STDC_HEADERS
| # include <stdlib.h>
| # include <stddef.h>
| #else
| # ifdef HAVE_STDLIB_H
| #  include <stdlib.h>
| # endif
| #endif
| #ifdef HAVE_STRING_H
| # if !defined STDC_HEADERS && defined HAVE_MEMORY_H
| #  include <memory.h>
| # endif
| # include <string.h>
| #endif
| #ifdef HAVE_STRINGS_H
| # include <strings.h>
| #endif
| #ifdef HAVE_INTTYPES_H
| # include <inttypes.h>
| #endif
| #ifdef HAVE_STDINT_H
| # include <stdint.h>
| #endif
| #ifdef HAVE_UNISTD_H
| # include <unistd.h>
| #endif
| int
| main ()
| {
| if (sizeof ((uint32_t)))
| 	    return 0;
|   ;
|   return 0;
| }
configure:4909: result: yes
configure:4918: checking for uintptr_t
configure:4918: gcc -c  -O2 -Wall  conftest.c >&5
configure:4918: $? = 0
configure:4918: gcc -c  -O2 -Wall  conftest.c >&5
conftest.c: In function 'main':
conftest.c:84:24: error: expected expression before ')' token
configure:4918: $? = 1
configure: failed program was:
| /* confdefs.h */
| #define PACKAGE_NAME ""
| #define PACKAGE_TARNAME ""
| #define PACKAGE_VERSION ""
| #define PACKAGE_STRING ""
| #define PACKAGE_BUGREPORT ""
| #define PACKAGE_URL ""
| #define OS_TYPE "linux-gnu"
| #define ENABLE_OPIE 1
| #define ENABLE_DIGEST 1
| #define ENABLE_DEBUG 1
| #define STDC_HEADERS 1
| #define HAVE_SYS_TYPES_H 1
| #define HAVE_SYS_STAT_H 1
| #define HAVE_STDLIB_H 1
| #define HAVE_STRING_H 1
| #define HAVE_MEMORY_H 1
| #define HAVE_STRINGS_H 1
| #define HAVE_INTTYPES_H 1
| #define HAVE_STDINT_H 1
| #define HAVE_UNISTD_H 1
| #define __EXTENSIONS__ 1
| #define _ALL_SOURCE 1
| #define _GNU_SOURCE 1
| #define _POSIX_PTHREAD_SEMANTICS 1
| #define _TANDEM_SOURCE 1
| #define STDC_HEADERS 1
| #define SIZEOF_OFF_T 8
| #define HAVE__BOOL 1
| #define HAVE_STDBOOL_H 1
| #define HAVE_UNISTD_H 1
| #define HAVE_SYS_TIME_H 1
| #define HAVE_TERMIOS_H 1
| #define HAVE_SYS_IOCTL_H 1
| #define HAVE_SYS_SELECT_H 1
| #define HAVE_UTIME_H 1
| #define HAVE_STDINT_H 1
| #define HAVE_INTTYPES_H 1
| #define HAVE_PWD_H 1
| #define HAVE_WCHAR_H 1
| #define SIZEOF_SHORT 2
| #define SIZEOF_INT 4
| #define SIZEOF_LONG 8
| #define SIZEOF_LONG_LONG 8
| #define SIZEOF_VOID_P 8
| #define HAVE_UINT32_T 1
| /* end confdefs.h.  */
| #include <stdio.h>
| #ifdef HAVE_SYS_TYPES_H
| # include <sys/types.h>
| #endif
| #ifdef HAVE_SYS_STAT_H
| # include <sys/stat.h>
| #endif
| #ifdef STDC_HEADERS
| # include <stdlib.h>
| # include <stddef.h>
| #else
| # ifdef HAVE_STDLIB_H
| #  include <stdlib.h>
| # endif
| #endif
| #ifdef HAVE_STRING_H
| # if !defined STDC_HEADERS && defined HAVE_MEMORY_H
| #  include <memory.h>
| # endif
| # include <string.h>
| #endif
| #ifdef HAVE_STRINGS_H
| # include <strings.h>
| #endif
| #ifdef HAVE_INTTYPES_H
| # include <inttypes.h>
| #endif
| #ifdef HAVE_STDINT_H
| # include <stdint.h>
| #endif
| #ifdef HAVE_UNISTD_H
| # include <unistd.h>
| #endif
| int
| main ()
| {
| if (sizeof ((uintptr_t)))
| 	    return 0;
|   ;
|   return 0;
| }
configure:4918: result: yes
configure:4927: checking for intptr_t
configure:4927: gcc -c  -O2 -Wall  conftest.c >&5
configure:4927: $? = 0
configure:4927: gcc -c  -O2 -Wall  conftest.c >&5
conftest.c: In function 'main':
conftest.c:85:23: error: expected expression before ')' token
configure:4927: $? = 1
configure: failed program was:
| /* confdefs.h */
| #define PACKAGE_NAME ""
| #define PACKAGE_TARNAME ""
| #define PACKAGE_VERSION ""
| #define PACKAGE_STRING ""
| #define PACKAGE_BUGREPORT ""
| #define PACKAGE_URL ""
| #define OS_TYPE "linux-gnu"
| #define ENABLE_OPIE 1
| #define ENABLE_DIGEST 1
| #define ENABLE_DEBUG 1
| #define STDC_HEADERS 1
| #define HAVE_SYS_TYPES_H 1
| #define HAVE_SYS_STAT_H 1
| #define HAVE_STDLIB_H 1
| #define HAVE_STRING_H 1
| #define HAVE_MEMORY_H 1
| #define HAVE_STRINGS_H 1
| #define HAVE_INTTYPES_H 1
| #define HAVE_STDINT_H 1
| #define HAVE_UNISTD_H 1
| #define __EXTENSIONS__ 1
| #define _ALL_SOURCE 1
| #define _GNU_SOURCE 1
| #define _POSIX_PTHREAD_SEMANTICS 1
| #define _TANDEM_SOURCE 1
| #define STDC_HEADERS 1
| #define SIZEOF_OFF_T 8
| #define HAVE__BOOL 1
| #define HAVE_STDBOOL_H 1
| #define HAVE_UNISTD_H 1
| #define HAVE_SYS_TIME_H 1
| #define HAVE_TERMIOS_H 1
| #define HAVE_SYS_IOCTL_H 1
| #define HAVE_SYS_SELECT_H 1
| #define HAVE_UTIME_H 1
| #define HAVE_STDINT_H 1
| #define HAVE_INTTYPES_H 1
| #define HAVE_PWD_H 1
| #define HAVE_WCHAR_H 1
| #define SIZEOF_SHORT 2
| #define SIZEOF_INT 4
| #define SIZEOF_LONG 8
| #define SIZEOF_LONG_LONG 8
| #define SIZEOF_VOID_P 8
| #define HAVE_UINT32_T 1
| #define HAVE_UINTPTR_T 1
| /* end confdefs.h.  */
| #include <stdio.h>
| #ifdef HAVE_SYS_TYPES_H
| # include <sys/types.h>
| #endif
| #ifdef HAVE_SYS_STAT_H
| # include <sys/stat.h>
| #endif
| #ifdef STDC_HEADERS
| # include <stdlib.h>
| # include <stddef.h>
| #else
| # ifdef HAVE_STDLIB_H
| #  include <stdlib.h>
| # endif
| #endif
| #ifdef HAVE_STRING_H
| # if !defined STDC_HEADERS && defined HAVE_MEMORY_H
| #  include <memory.h>
| # endif
| # include <string.h>
| #endif
| #ifdef HAVE_STRINGS_H
| # include <strings.h>
| #endif
| #ifdef HAVE_INTTYPES_H
| # include <inttypes.h>
| #endif
| #ifdef HAVE_STDINT_H
| # include <stdint.h>
| #endif
| #ifdef HAVE_UNISTD_H
| # include <unistd.h>
| #endif
| int
| main ()
| {
| if (sizeof ((intptr_t)))
| 	    return 0;
|   ;
|   return 0;
| }
configure:4927: result: yes
configure:4936: checking for int64_t
configure:4936: gcc -c  -O2 -Wall  conftest.c >&5
configure:4936: $? = 0
configure:4936: gcc -c  -O2 -Wall  conftest.c >&5
conftest.c: In function 'main':
conftest.c:86:22: error: expected expression before ')' token
configure:4936: $? = 1
configure: failed program was:
| /* confdefs.h */
| #define PACKAGE_NAME ""
| #define PACKAGE_TARNAME ""
| #define PACKAGE_VERSION ""
| #define PACKAGE_STRING ""
| #define PACKAGE_BUGREPORT ""
| #define PACKAGE_URL ""
| #define OS_TYPE "linux-gnu"
| #define ENABLE_OPIE 1
| #define ENABLE_DIGEST 1
| #define ENABLE_DEBUG 1
| #define STDC_HEADERS 1
| #define HAVE_SYS_TYPES_H 1
| #define HAVE_SYS_STAT_H 1
| #define HAVE_STDLIB_H 1
| #define HAVE_STRING_H 1
| #define HAVE_MEMORY_H 1
| #define HAVE_STRINGS_H 1
| #define HAVE_INTTYPES_H 1
| #define HAVE_STDINT_H 1
| #define HAVE_UNISTD_H 1
| #define __EXTENSIONS__ 1
| #define _ALL_SOURCE 1
| #define _GNU_SOURCE 1
| #define _POSIX_PTHREAD_SEMANTICS 1
| #define _TANDEM_SOURCE 1
| #define STDC_HEADERS 1
| #define SIZEOF_OFF_T 8
| #define HAVE__BOOL 1
| #define HAVE_STDBOOL_H 1
| #define HAVE_UNISTD_H 1
| #define HAVE_SYS_TIME_H 1
| #define HAVE_TERMIOS_H 1
| #define HAVE_SYS_IOCTL_H 1
| #define HAVE_SYS_SELECT_H 1
| #define HAVE_UTIME_H 1
| #define HAVE_STDINT_H 1
| #define HAVE_INTTYPES_H 1
| #define HAVE_PWD_H 1
| #define HAVE_WCHAR_H 1
| #define SIZEOF_SHORT 2
| #define SIZEOF_INT 4
| #define SIZEOF_LONG 8
| #define SIZEOF_LONG_LONG 8
| #define SIZEOF_VOID_P 8
| #define HAVE_UINT32_T 1
| #define HAVE_UINTPTR_T 1
| #define HAVE_INTPTR_T 1
| /* end confdefs.h.  */
| #include <stdio.h>
| #ifdef HAVE_SYS_TYPES_H
| # include <sys/types.h>
| #endif
| #ifdef HAVE_SYS_STAT_H
| # include <sys/stat.h>
| #endif
| #ifdef STDC_HEADERS
| # include <stdlib.h>
| # include <stddef.h>
| #else
| # ifdef HAVE_STDLIB_H
| #  include <stdlib.h>
| # endif
| #endif
| #ifdef HAVE_STRING_H
| # if !defined STDC_HEADERS && defined HAVE_MEMORY_H
| #  include <memory.h>
| # endif
| # include <string.h>
| #endif
| #ifdef HAVE_STRINGS_H
| # include <strings.h>
| #endif
| #ifdef HAVE_INTTYPES_H
| # include <inttypes.h>
| #endif
| #ifdef HAVE_STDINT_H
| # include <stdint.h>
| #endif
| #ifdef HAVE_UNISTD_H
| # include <unistd.h>
| #endif
| int
| main ()
| {
| if (sizeof ((int64_t)))
| 	    return 0;
|   ;
|   return 0;
| }
configure:4936: result: yes
configure:4946: checking for sig_atomic_t
configure:4946: gcc -c  -O2 -Wall  conftest.c >&5
configure:4946: $? = 0
configure:4946: gcc -c  -O2 -Wall  conftest.c >&5
conftest.c: In function 'main':
conftest.c:63:27: error: expected expression before ')' token
configure:4946: $? = 1
configure: failed program was:
| /* confdefs.h */
| #define PACKAGE_NAME ""
| #define PACKAGE_TARNAME ""
| #define PACKAGE_VERSION ""
| #define PACKAGE_STRING ""
| #define PACKAGE_BUGREPORT ""
| #define PACKAGE_URL ""
| #define OS_TYPE "linux-gnu"
| #define ENABLE_OPIE 1
| #define ENABLE_DIGEST 1
| #define ENABLE_DEBUG 1
| #define STDC_HEADERS 1
| #define HAVE_SYS_TYPES_H 1
| #define HAVE_SYS_STAT_H 1
| #define HAVE_STDLIB_H 1
| #define HAVE_STRING_H 1
| #define HAVE_MEMORY_H 1
| #define HAVE_STRINGS_H 1
| #define HAVE_INTTYPES_H 1
| #define HAVE_STDINT_H 1
| #define HAVE_UNISTD_H 1
| #define __EXTENSIONS__ 1
| #define _ALL_SOURCE 1
| #define _GNU_SOURCE 1
| #define _POSIX_PTHREAD_SEMANTICS 1
| #define _TANDEM_SOURCE 1
| #define STDC_HEADERS 1
| #define SIZEOF_OFF_T 8
| #define HAVE__BOOL 1
| #define HAVE_STDBOOL_H 1
| #define HAVE_UNISTD_H 1
| #define HAVE_SYS_TIME_H 1
| #define HAVE_TERMIOS_H 1
| #define HAVE_SYS_IOCTL_H 1
| #define HAVE_SYS_SELECT_H 1
| #define HAVE_UTIME_H 1
| #define HAVE_STDINT_H 1
| #define HAVE_INTTYPES_H 1
| #define HAVE_PWD_H 1
| #define HAVE_WCHAR_H 1
| #define SIZEOF_SHORT 2
| #define SIZEOF_INT 4
| #define SIZEOF_LONG 8
| #define SIZEOF_LONG_LONG 8
| #define SIZEOF_VOID_P 8
| #define HAVE_UINT32_T 1
| #define HAVE_UINTPTR_T 1
| #define HAVE_INTPTR_T 1
| #define HAVE_INT64_T 1
| /* end confdefs.h.  */
| 
| #include <stdio.h>
| #include <sys/types.h>
| #if HAVE_INTTYPES_H
| # include <inttypes.h>
| #endif
| #include <signal.h>
| 
| 
| int
| main ()
| {
| if (sizeof ((sig_atomic_t)))
| 	    return 0;
|   ;
|   return 0;
| }
configure:4946: result: yes
configure:4967: checking for working alloca.h
configure:4984: gcc -o conftest  -O2 -Wall   conftest.c  >&5
configure:4984: $? = 0
configure:4992: result: yes
configure:5000: checking for alloca
configure:5037: gcc -o conftest  -O2 -Wall   conftest.c  >&5
configure:5037: $? = 0
configure:5045: result: yes
configure:5160: checking for stdlib.h
configure:5160: result: yes
configure:5160: checking for unistd.h
configure:5160: result: yes
configure:5160: checking for sys/param.h
configure:5160: gcc -c  -O2 -Wall  conftest.c >&5
configure:5160: $? = 0
configure:5160: result: yes
configure:5180: checking for getpagesize
configure:5180: gcc -o conftest  -O2 -Wall   conftest.c  >&5
configure:5180: $? = 0
configure:5180: result: yes
configure:5189: checking for working mmap
configure:5336: gcc -o conftest  -O2 -Wall   conftest.c  >&5
configure:5336: $? = 0
configure:5336: ./conftest
configure:5336: $? = 0
configure:5346: result: yes
configure:5355: checking for _LARGEFILE_SOURCE value needed for large files
configure:5374: gcc -o conftest  -O2 -Wall   conftest.c  >&5
configure:5374: $? = 0
configure:5402: result: no
configure:5426: checking for strptime
configure:5426: gcc -o conftest  -O2 -Wall   conftest.c  >&5
configure:5426: $? = 0
configure:5426: result: yes
configure:5426: checking for timegm
configure:5426: gcc -o conftest  -O2 -Wall   conftest.c  >&5
configure:5426: $? = 0
configure:5426: result: yes
configure:5426: checking for snprintf
configure:5426: gcc -o conftest  -O2 -Wall   conftest.c  >&5
conftest.c:85:6: warning: conflicting types for built-in function 'snprintf' [enabled by default]
configure:5426: $? = 0
configure:5426: result: yes
configure:5426: checking for vsnprintf
configure:5426: gcc -o conftest  -O2 -Wall   conftest.c  >&5
conftest.c:86:6: warning: conflicting types for built-in function 'vsnprintf' [enabled by default]
configure:5426: $? = 0
configure:5426: result: yes
configure:5426: checking for vasprintf
configure:5426: gcc -o conftest  -O2 -Wall   conftest.c  >&5
configure:5426: $? = 0
configure:5426: result: yes
configure:5426: checking for drand48
configure:5426: gcc -o conftest  -O2 -Wall   conftest.c  >&5
configure:5426: $? = 0
configure:5426: result: yes
configure:5438: checking for strtoll
configure:5438: gcc -o conftest  -O2 -Wall   conftest.c  >&5
configure:5438: $? = 0
configure:5438: result: yes
configure:5438: checking for usleep
configure:5438: gcc -o conftest  -O2 -Wall   conftest.c  >&5
configure:5438: $? = 0
configure:5438: result: yes
configure:5438: checking for ftello
configure:5438: gcc -o conftest  -O2 -Wall   conftest.c  >&5
configure:5438: $? = 0
configure:5438: result: yes
configure:5438: checking for sigblock
configure:5438: gcc -o conftest  -O2 -Wall   conftest.c  >&5
configure:5438: $? = 0
configure:5438: result: yes
configure:5438: checking for sigsetjmp
configure:5438: gcc -o conftest  -O2 -Wall   conftest.c  >&5
/tmp/cckHKQhD.o: In function `main':
conftest.c:(.text.startup+0x7): undefined reference to `sigsetjmp'
collect2: ld returned 1 exit status
configure:5438: $? = 1
configure: failed program was:
| /* confdefs.h */
| #define PACKAGE_NAME ""
| #define PACKAGE_TARNAME ""
| #define PACKAGE_VERSION ""
| #define PACKAGE_STRING ""
| #define PACKAGE_BUGREPORT ""
| #define PACKAGE_URL ""
| #define OS_TYPE "linux-gnu"
| #define ENABLE_OPIE 1
| #define ENABLE_DIGEST 1
| #define ENABLE_DEBUG 1
| #define STDC_HEADERS 1
| #define HAVE_SYS_TYPES_H 1
| #define HAVE_SYS_STAT_H 1
| #define HAVE_STDLIB_H 1
| #define HAVE_STRING_H 1
| #define HAVE_MEMORY_H 1
| #define HAVE_STRINGS_H 1
| #define HAVE_INTTYPES_H 1
| #define HAVE_STDINT_H 1
| #define HAVE_UNISTD_H 1
| #define __EXTENSIONS__ 1
| #define _ALL_SOURCE 1
| #define _GNU_SOURCE 1
| #define _POSIX_PTHREAD_SEMANTICS 1
| #define _TANDEM_SOURCE 1
| #define STDC_HEADERS 1
| #define SIZEOF_OFF_T 8
| #define HAVE__BOOL 1
| #define HAVE_STDBOOL_H 1
| #define HAVE_UNISTD_H 1
| #define HAVE_SYS_TIME_H 1
| #define HAVE_TERMIOS_H 1
| #define HAVE_SYS_IOCTL_H 1
| #define HAVE_SYS_SELECT_H 1
| #define HAVE_UTIME_H 1
| #define HAVE_STDINT_H 1
| #define HAVE_INTTYPES_H 1
| #define HAVE_PWD_H 1
| #define HAVE_WCHAR_H 1
| #define SIZEOF_SHORT 2
| #define SIZEOF_INT 4
| #define SIZEOF_LONG 8
| #define SIZEOF_LONG_LONG 8
| #define SIZEOF_VOID_P 8
| #define HAVE_UINT32_T 1
| #define HAVE_UINTPTR_T 1
| #define HAVE_INTPTR_T 1
| #define HAVE_INT64_T 1
| #define HAVE_SIG_ATOMIC_T 1
| #define HAVE_ALLOCA_H 1
| #define HAVE_ALLOCA 1
| #define HAVE_STDLIB_H 1
| #define HAVE_UNISTD_H 1
| #define HAVE_SYS_PARAM_H 1
| #define HAVE_GETPAGESIZE 1
| #define HAVE_MMAP 1
| #define HAVE_FSEEKO 1
| #define HAVE_STRPTIME 1
| #define HAVE_TIMEGM 1
| #define HAVE_SNPRINTF 1
| #define HAVE_VSNPRINTF 1
| #define HAVE_VASPRINTF 1
| #define HAVE_DRAND48 1
| #define HAVE_STRTOLL 1
| #define HAVE_USLEEP 1
| #define HAVE_FTELLO 1
| #define HAVE_SIGBLOCK 1
| /* end confdefs.h.  */
| /* Define sigsetjmp to an innocuous variant, in case <limits.h> declares sigsetjmp.
|    For example, HP-UX 11i <limits.h> declares gettimeofday.  */
| #define sigsetjmp innocuous_sigsetjmp
| 
| /* System header to define __stub macros and hopefully few prototypes,
|     which can conflict with char sigsetjmp (); below.
|     Prefer <limits.h> to <assert.h> if __STDC__ is defined, since
|     <limits.h> exists even on freestanding compilers.  */
| 
| #ifdef __STDC__
| # include <limits.h>
| #else
| # include <assert.h>
| #endif
| 
| #undef sigsetjmp
| 
| /* Override any GCC internal prototype to avoid an error.
|    Use char because int might match the return type of a GCC
|    builtin and then its argument prototype would still apply.  */
| #ifdef __cplusplus
| extern "C"
| #endif
| char sigsetjmp ();
| /* The GNU C library defines this for functions which it implements
|     to always fail with ENOSYS.  Some functions are actually named
|     something starting with __ and the normal name is an alias.  */
| #if defined __stub_sigsetjmp || defined __stub___sigsetjmp
| choke me
| #endif
| 
| int
| main ()
| {
| return sigsetjmp ();
|   ;
|   return 0;
| }
configure:5438: result: no
configure:5438: checking for memrchr
configure:5438: gcc -o conftest  -O2 -Wall   conftest.c  >&5
configure:5438: $? = 0
configure:5438: result: yes
configure:5438: checking for wcwidth
configure:5438: gcc -o conftest  -O2 -Wall   conftest.c  >&5
configure:5438: $? = 0
configure:5438: result: yes
configure:5438: checking for mbtowc
configure:5438: gcc -o conftest  -O2 -Wall   conftest.c  >&5
configure:5438: $? = 0
configure:5438: result: yes
configure:5465: checking for struct utimbuf
configure:5465: gcc -c  -O2 -Wall  conftest.c >&5
configure:5465: $? = 0
configure:5465: gcc -c  -O2 -Wall  conftest.c >&5
conftest.c: In function 'main':
conftest.c:91:29: error: expected expression before ')' token
configure:5465: $? = 1
configure: failed program was:
| /* confdefs.h */
| #define PACKAGE_NAME ""
| #define PACKAGE_TARNAME ""
| #define PACKAGE_VERSION ""
| #define PACKAGE_STRING ""
| #define PACKAGE_BUGREPORT ""
| #define PACKAGE_URL ""
| #define OS_TYPE "linux-gnu"
| #define ENABLE_OPIE 1
| #define ENABLE_DIGEST 1
| #define ENABLE_DEBUG 1
| #define STDC_HEADERS 1
| #define HAVE_SYS_TYPES_H 1
| #define HAVE_SYS_STAT_H 1
| #define HAVE_STDLIB_H 1
| #define HAVE_STRING_H 1
| #define HAVE_MEMORY_H 1
| #define HAVE_STRINGS_H 1
| #define HAVE_INTTYPES_H 1
| #define HAVE_STDINT_H 1
| #define HAVE_UNISTD_H 1
| #define __EXTENSIONS__ 1
| #define _ALL_SOURCE 1
| #define _GNU_SOURCE 1
| #define _POSIX_PTHREAD_SEMANTICS 1
| #define _TANDEM_SOURCE 1
| #define STDC_HEADERS 1
| #define SIZEOF_OFF_T 8
| #define HAVE__BOOL 1
| #define HAVE_STDBOOL_H 1
| #define HAVE_UNISTD_H 1
| #define HAVE_SYS_TIME_H 1
| #define HAVE_TERMIOS_H 1
| #define HAVE_SYS_IOCTL_H 1
| #define HAVE_SYS_SELECT_H 1
| #define HAVE_UTIME_H 1
| #define HAVE_STDINT_H 1
| #define HAVE_INTTYPES_H 1
| #define HAVE_PWD_H 1
| #define HAVE_WCHAR_H 1
| #define SIZEOF_SHORT 2
| #define SIZEOF_INT 4
| #define SIZEOF_LONG 8
| #define SIZEOF_LONG_LONG 8
| #define SIZEOF_VOID_P 8
| #define HAVE_UINT32_T 1
| #define HAVE_UINTPTR_T 1
| #define HAVE_INTPTR_T 1
| #define HAVE_INT64_T 1
| #define HAVE_SIG_ATOMIC_T 1
| #define HAVE_ALLOCA_H 1
| #define HAVE_ALLOCA 1
| #define HAVE_STDLIB_H 1
| #define HAVE_UNISTD_H 1
| #define HAVE_SYS_PARAM_H 1
| #define HAVE_GETPAGESIZE 1
| #define HAVE_MMAP 1
| #define HAVE_FSEEKO 1
| #define HAVE_STRPTIME 1
| #define HAVE_TIMEGM 1
| #define HAVE_SNPRINTF 1
| #define HAVE_VSNPRINTF 1
| #define HAVE_VASPRINTF 1
| #define HAVE_DRAND48 1
| #define HAVE_STRTOLL 1
| #define HAVE_USLEEP 1
| #define HAVE_FTELLO 1
| #define HAVE_SIGBLOCK 1
| #define HAVE_MEMRCHR 1
| #define HAVE_WCWIDTH 1
| #define HAVE_MBTOWC 1
| #define HAVE_STRCASECMP 1
| #define HAVE_STRNCASECMP 1
| #define HAVE_STRDUP 1
| #define HAVE_ISATTY 1
| #define HAVE_SYMLINK 1
| /* end confdefs.h.  */
| 
| #include <stdio.h>
| #if HAVE_SYS_TYPES_H
| # include <sys/types.h>
| #endif
| #if HAVE_UTIME_H
| # include <utime.h>
| #endif
| 
| 
| int
| main ()
| {
| if (sizeof ((struct utimbuf)))
| 	    return 0;
|   ;
|   return 0;
| }
configure:5465: result: yes
configure:5486: checking for socklen_t
configure:5496: gcc -c  -O2 -Wall  conftest.c >&5
configure:5496: $? = 0
configure:5497: result: socklen_t
configure:5532: checking for working fnmatch.h
configure:5539: gcc -c  -O2 -Wall  conftest.c >&5
configure:5539: $? = 0
configure:5541: result: yes
configure:5558: checking for nanosleep
configure:5558: gcc -o conftest  -O2 -Wall   conftest.c  >&5
configure:5558: $? = 0
configure:5558: result: yes
configure:5667: checking for clock_gettime
configure:5667: gcc -o conftest  -O2 -Wall   conftest.c  >&5
/tmp/cc8U3YTX.o: In function `main':
conftest.c:(.text.startup+0x7): undefined reference to `clock_gettime'
collect2: ld returned 1 exit status
configure:5667: $? = 1
configure: failed program was:
| /* confdefs.h */
| #define PACKAGE_NAME ""
| #define PACKAGE_TARNAME ""
| #define PACKAGE_VERSION ""
| #define PACKAGE_STRING ""
| #define PACKAGE_BUGREPORT ""
| #define PACKAGE_URL ""
| #define OS_TYPE "linux-gnu"
| #define ENABLE_OPIE 1
| #define ENABLE_DIGEST 1
| #define ENABLE_DEBUG 1
| #define STDC_HEADERS 1
| #define HAVE_SYS_TYPES_H 1
| #define HAVE_SYS_STAT_H 1
| #define HAVE_STDLIB_H 1
| #define HAVE_STRING_H 1
| #define HAVE_MEMORY_H 1
| #define HAVE_STRINGS_H 1
| #define HAVE_INTTYPES_H 1
| #define HAVE_STDINT_H 1
| #define HAVE_UNISTD_H 1
| #define __EXTENSIONS__ 1
| #define _ALL_SOURCE 1
| #define _GNU_SOURCE 1
| #define _POSIX_PTHREAD_SEMANTICS 1
| #define _TANDEM_SOURCE 1
| #define STDC_HEADERS 1
| #define SIZEOF_OFF_T 8
| #define HAVE__BOOL 1
| #define HAVE_STDBOOL_H 1
| #define HAVE_UNISTD_H 1
| #define HAVE_SYS_TIME_H 1
| #define HAVE_TERMIOS_H 1
| #define HAVE_SYS_IOCTL_H 1
| #define HAVE_SYS_SELECT_H 1
| #define HAVE_UTIME_H 1
| #define HAVE_STDINT_H 1
| #define HAVE_INTTYPES_H 1
| #define HAVE_PWD_H 1
| #define HAVE_WCHAR_H 1
| #define SIZEOF_SHORT 2
| #define SIZEOF_INT 4
| #define SIZEOF_LONG 8
| #define SIZEOF_LONG_LONG 8
| #define SIZEOF_VOID_P 8
| #define HAVE_UINT32_T 1
| #define HAVE_UINTPTR_T 1
| #define HAVE_INTPTR_T 1
| #define HAVE_INT64_T 1
| #define HAVE_SIG_ATOMIC_T 1
| #define HAVE_ALLOCA_H 1
| #define HAVE_ALLOCA 1
| #define HAVE_STDLIB_H 1
| #define HAVE_UNISTD_H 1
| #define HAVE_SYS_PARAM_H 1
| #define HAVE_GETPAGESIZE 1
| #define HAVE_MMAP 1
| #define HAVE_FSEEKO 1
| #define HAVE_STRPTIME 1
| #define HAVE_TIMEGM 1
| #define HAVE_SNPRINTF 1
| #define HAVE_VSNPRINTF 1
| #define HAVE_VASPRINTF 1
| #define HAVE_DRAND48 1
| #define HAVE_STRTOLL 1
| #define HAVE_USLEEP 1
| #define HAVE_FTELLO 1
| #define HAVE_SIGBLOCK 1
| #define HAVE_MEMRCHR 1
| #define HAVE_WCWIDTH 1
| #define HAVE_MBTOWC 1
| #define HAVE_STRCASECMP 1
| #define HAVE_STRNCASECMP 1
| #define HAVE_STRDUP 1
| #define HAVE_ISATTY 1
| #define HAVE_SYMLINK 1
| #define HAVE_STRUCT_UTIMBUF 1
| #define HAVE_WORKING_FNMATCH_H 1
| #define HAVE_NANOSLEEP 1
| /* end confdefs.h.  */
| /* Define clock_gettime to an innocuous variant, in case <limits.h> declares clock_gettime.
|    For example, HP-UX 11i <limits.h> declares gettimeofday.  */
| #define clock_gettime innocuous_clock_gettime
| 
| /* System header to define __stub macros and hopefully few prototypes,
|     which can conflict with char clock_gettime (); below.
|     Prefer <limits.h> to <assert.h> if __STDC__ is defined, since
|     <limits.h> exists even on freestanding compilers.  */
| 
| #ifdef __STDC__
| # include <limits.h>
| #else
| # include <assert.h>
| #endif
| 
| #undef clock_gettime
| 
| /* Override any GCC internal prototype to avoid an error.
|    Use char because int might match the return type of a GCC
|    builtin and then its argument prototype would still apply.  */
| #ifdef __cplusplus
| extern "C"
| #endif
| char clock_gettime ();
| /* The GNU C library defines this for functions which it implements
|     to always fail with ENOSYS.  Some functions are actually named
|     something starting with __ and the normal name is an alias.  */
| #if defined __stub_clock_gettime || defined __stub___clock_gettime
| choke me
| #endif
| 
| int
| main ()
| {
| return clock_gettime ();
|   ;
|   return 0;
| }
configure:5667: result: no
configure:5675: checking for clock_gettime in -lrt
configure:5700: gcc -o conftest  -O2 -Wall   conftest.c -lrt   >&5
configure:5700: $? = 0
configure:5709: result: yes
configure:5729: checking for gethostbyname
configure:5729: gcc -o conftest  -O2 -Wall   conftest.c -lrt  >&5
configure:5729: $? = 0
configure:5729: result: yes
configure:5744: checking for inet_ntoa
configure:5744: gcc -o conftest  -O2 -Wall   conftest.c -lrt  >&5
configure:5744: $? = 0
configure:5744: result: yes
configure:5806: checking for socket in -lsocket
configure:5831: gcc -o conftest  -O2 -Wall   conftest.c -lsocket  -lrt  >&5
/usr/bin/ld: cannot find -lsocket
collect2: ld returned 1 exit status
configure:5831: $? = 1
configure: failed program was:
| /* confdefs.h */
| #define PACKAGE_NAME ""
| #define PACKAGE_TARNAME ""
| #define PACKAGE_VERSION ""
| #define PACKAGE_STRING ""
| #define PACKAGE_BUGREPORT ""
| #define PACKAGE_URL ""
| #define OS_TYPE "linux-gnu"
| #define ENABLE_OPIE 1
| #define ENABLE_DIGEST 1
| #define ENABLE_DEBUG 1
| #define STDC_HEADERS 1
| #define HAVE_SYS_TYPES_H 1
| #define HAVE_SYS_STAT_H 1
| #define HAVE_STDLIB_H 1
| #define HAVE_STRING_H 1
| #define HAVE_MEMORY_H 1
| #define HAVE_STRINGS_H 1
| #define HAVE_INTTYPES_H 1
| #define HAVE_STDINT_H 1
| #define HAVE_UNISTD_H 1
| #define __EXTENSIONS__ 1
| #define _ALL_SOURCE 1
| #define _GNU_SOURCE 1
| #define _POSIX_PTHREAD_SEMANTICS 1
| #define _TANDEM_SOURCE 1
| #define STDC_HEADERS 1
| #define SIZEOF_OFF_T 8
| #define HAVE__BOOL 1
| #define HAVE_STDBOOL_H 1
| #define HAVE_UNISTD_H 1
| #define HAVE_SYS_TIME_H 1
| #define HAVE_TERMIOS_H 1
| #define HAVE_SYS_IOCTL_H 1
| #define HAVE_SYS_SELECT_H 1
| #define HAVE_UTIME_H 1
| #define HAVE_STDINT_H 1
| #define HAVE_INTTYPES_H 1
| #define HAVE_PWD_H 1
| #define HAVE_WCHAR_H 1
| #define SIZEOF_SHORT 2
| #define SIZEOF_INT 4
| #define SIZEOF_LONG 8
| #define SIZEOF_LONG_LONG 8
| #define SIZEOF_VOID_P 8
| #define HAVE_UINT32_T 1
| #define HAVE_UINTPTR_T 1
| #define HAVE_INTPTR_T 1
| #define HAVE_INT64_T 1
| #define HAVE_SIG_ATOMIC_T 1
| #define HAVE_ALLOCA_H 1
| #define HAVE_ALLOCA 1
| #define HAVE_STDLIB_H 1
| #define HAVE_UNISTD_H 1
| #define HAVE_SYS_PARAM_H 1
| #define HAVE_GETPAGESIZE 1
| #define HAVE_MMAP 1
| #define HAVE_FSEEKO 1
| #define HAVE_STRPTIME 1
| #define HAVE_TIMEGM 1
| #define HAVE_SNPRINTF 1
| #define HAVE_VSNPRINTF 1
| #define HAVE_VASPRINTF 1
| #define HAVE_DRAND48 1
| #define HAVE_STRTOLL 1
| #define HAVE_USLEEP 1
| #define HAVE_FTELLO 1
| #define HAVE_SIGBLOCK 1
| #define HAVE_MEMRCHR 1
| #define HAVE_WCWIDTH 1
| #define HAVE_MBTOWC 1
| #define HAVE_STRCASECMP 1
| #define HAVE_STRNCASECMP 1
| #define HAVE_STRDUP 1
| #define HAVE_ISATTY 1
| #define HAVE_SYMLINK 1
| #define HAVE_STRUCT_UTIMBUF 1
| #define HAVE_WORKING_FNMATCH_H 1
| #define HAVE_NANOSLEEP 1
| #define HAVE_LIBRT 1
| #define HAVE_GETHOSTBYNAME 1
| #define HAVE_INET_NTOA 1
| /* end confdefs.h.  */
| 
| /* Override any GCC internal prototype to avoid an error.
|    Use char because int might match the return type of a GCC
|    builtin and then its argument prototype would still apply.  */
| #ifdef __cplusplus
| extern "C"
| #endif
| char socket ();
| int
| main ()
| {
| return socket ();
|   ;
|   return 0;
| }
configure:5840: result: no
configure:5853: checking for getopt_long
configure:5853: gcc -o conftest  -O2 -Wall   conftest.c -lrt  >&5
configure:5853: $? = 0
configure:5853: result: yes
configure:5905: checking for ld used by GCC
configure:5969: result: /usr/bin/ld
configure:5976: checking if the linker (/usr/bin/ld) is GNU ld
configure:5989: result: yes
configure:5996: checking for shared library run path origin
configure:6009: result: done
configure:6506: checking for dlopen in -ldl
configure:6531: gcc -o conftest  -O2 -Wall   conftest.c -ldl  -lrt  >&5
configure:6531: $? = 0
configure:6540: result: yes
configure:7010: checking for libssl
configure:7037: gcc -o conftest  -O2 -Wall   conftest.c -ldl -lrt  -lssl -lcrypto >&5
conftest.c:86:27: fatal error: openssl/ssl.h: No such file or directory
compilation terminated.
configure:7037: $? = 1
configure: failed program was:
| /* confdefs.h */
| #define PACKAGE_NAME ""
| #define PACKAGE_TARNAME ""
| #define PACKAGE_VERSION ""
| #define PACKAGE_STRING ""
| #define PACKAGE_BUGREPORT ""
| #define PACKAGE_URL ""
| #define OS_TYPE "linux-gnu"
| #define ENABLE_OPIE 1
| #define ENABLE_DIGEST 1
| #define ENABLE_DEBUG 1
| #define STDC_HEADERS 1
| #define HAVE_SYS_TYPES_H 1
| #define HAVE_SYS_STAT_H 1
| #define HAVE_STDLIB_H 1
| #define HAVE_STRING_H 1
| #define HAVE_MEMORY_H 1
| #define HAVE_STRINGS_H 1
| #define HAVE_INTTYPES_H 1
| #define HAVE_STDINT_H 1
| #define HAVE_UNISTD_H 1
| #define __EXTENSIONS__ 1
| #define _ALL_SOURCE 1
| #define _GNU_SOURCE 1
| #define _POSIX_PTHREAD_SEMANTICS 1
| #define _TANDEM_SOURCE 1
| #define STDC_HEADERS 1
| #define SIZEOF_OFF_T 8
| #define HAVE__BOOL 1
| #define HAVE_STDBOOL_H 1
| #define HAVE_UNISTD_H 1
| #define HAVE_SYS_TIME_H 1
| #define HAVE_TERMIOS_H 1
| #define HAVE_SYS_IOCTL_H 1
| #define HAVE_SYS_SELECT_H 1
| #define HAVE_UTIME_H 1
| #define HAVE_STDINT_H 1
| #define HAVE_INTTYPES_H 1
| #define HAVE_PWD_H 1
| #define HAVE_WCHAR_H 1
| #define SIZEOF_SHORT 2
| #define SIZEOF_INT 4
| #define SIZEOF_LONG 8
| #define SIZEOF_LONG_LONG 8
| #define SIZEOF_VOID_P 8
| #define HAVE_UINT32_T 1
| #define HAVE_UINTPTR_T 1
| #define HAVE_INTPTR_T 1
| #define HAVE_INT64_T 1
| #define HAVE_SIG_ATOMIC_T 1
| #define HAVE_ALLOCA_H 1
| #define HAVE_ALLOCA 1
| #define HAVE_STDLIB_H 1
| #define HAVE_UNISTD_H 1
| #define HAVE_SYS_PARAM_H 1
| #define HAVE_GETPAGESIZE 1
| #define HAVE_MMAP 1
| #define HAVE_FSEEKO 1
| #define HAVE_STRPTIME 1
| #define HAVE_TIMEGM 1
| #define HAVE_SNPRINTF 1
| #define HAVE_VSNPRINTF 1
| #define HAVE_VASPRINTF 1
| #define HAVE_DRAND48 1
| #define HAVE_STRTOLL 1
| #define HAVE_USLEEP 1
| #define HAVE_FTELLO 1
| #define HAVE_SIGBLOCK 1
| #define HAVE_MEMRCHR 1
| #define HAVE_WCWIDTH 1
| #define HAVE_MBTOWC 1
| #define HAVE_STRCASECMP 1
| #define HAVE_STRNCASECMP 1
| #define HAVE_STRDUP 1
| #define HAVE_ISATTY 1
| #define HAVE_SYMLINK 1
| #define HAVE_STRUCT_UTIMBUF 1
| #define HAVE_WORKING_FNMATCH_H 1
| #define HAVE_NANOSLEEP 1
| #define HAVE_LIBRT 1
| #define HAVE_GETHOSTBYNAME 1
| #define HAVE_INET_NTOA 1
| #define HAVE_LIBDL 1
| /* end confdefs.h.  */
| 
|   #include <openssl/ssl.h>
|   #include <openssl/x509.h>
|   #include <openssl/err.h>
|   #include <openssl/rand.h>
|   #include <openssl/des.h>
|   #include <openssl/md4.h>
|   #include <openssl/md5.h>
| 
| int
| main ()
| {
| SSL_library_init ()
|   ;
|   return 0;
| }
configure:7047: result: no
configure:7112: checking for md5_calc in -lmd5
configure:7137: gcc -o conftest  -O2 -Wall   conftest.c -lmd5  -ldl -lrt  >&5
/usr/bin/ld: cannot find -lmd5
collect2: ld returned 1 exit status
configure:7137: $? = 1
configure: failed program was:
| /* confdefs.h */
| #define PACKAGE_NAME ""
| #define PACKAGE_TARNAME ""
| #define PACKAGE_VERSION ""
| #define PACKAGE_STRING ""
| #define PACKAGE_BUGREPORT ""
| #define PACKAGE_URL ""
| #define OS_TYPE "linux-gnu"
| #define ENABLE_OPIE 1
| #define ENABLE_DIGEST 1
| #define ENABLE_DEBUG 1
| #define STDC_HEADERS 1
| #define HAVE_SYS_TYPES_H 1
| #define HAVE_SYS_STAT_H 1
| #define HAVE_STDLIB_H 1
| #define HAVE_STRING_H 1
| #define HAVE_MEMORY_H 1
| #define HAVE_STRINGS_H 1
| #define HAVE_INTTYPES_H 1
| #define HAVE_STDINT_H 1
| #define HAVE_UNISTD_H 1
| #define __EXTENSIONS__ 1
| #define _ALL_SOURCE 1
| #define _GNU_SOURCE 1
| #define _POSIX_PTHREAD_SEMANTICS 1
| #define _TANDEM_SOURCE 1
| #define STDC_HEADERS 1
| #define SIZEOF_OFF_T 8
| #define HAVE__BOOL 1
| #define HAVE_STDBOOL_H 1
| #define HAVE_UNISTD_H 1
| #define HAVE_SYS_TIME_H 1
| #define HAVE_TERMIOS_H 1
| #define HAVE_SYS_IOCTL_H 1
| #define HAVE_SYS_SELECT_H 1
| #define HAVE_UTIME_H 1
| #define HAVE_STDINT_H 1
| #define HAVE_INTTYPES_H 1
| #define HAVE_PWD_H 1
| #define HAVE_WCHAR_H 1
| #define SIZEOF_SHORT 2
| #define SIZEOF_INT 4
| #define SIZEOF_LONG 8
| #define SIZEOF_LONG_LONG 8
| #define SIZEOF_VOID_P 8
| #define HAVE_UINT32_T 1
| #define HAVE_UINTPTR_T 1
| #define HAVE_INTPTR_T 1
| #define HAVE_INT64_T 1
| #define HAVE_SIG_ATOMIC_T 1
| #define HAVE_ALLOCA_H 1
| #define HAVE_ALLOCA 1
| #define HAVE_STDLIB_H 1
| #define HAVE_UNISTD_H 1
| #define HAVE_SYS_PARAM_H 1
| #define HAVE_GETPAGESIZE 1
| #define HAVE_MMAP 1
| #define HAVE_FSEEKO 1
| #define HAVE_STRPTIME 1
| #define HAVE_TIMEGM 1
| #define HAVE_SNPRINTF 1
| #define HAVE_VSNPRINTF 1
| #define HAVE_VASPRINTF 1
| #define HAVE_DRAND48 1
| #define HAVE_STRTOLL 1
| #define HAVE_USLEEP 1
| #define HAVE_FTELLO 1
| #define HAVE_SIGBLOCK 1
| #define HAVE_MEMRCHR 1
| #define HAVE_WCWIDTH 1
| #define HAVE_MBTOWC 1
| #define HAVE_STRCASECMP 1
| #define HAVE_STRNCASECMP 1
| #define HAVE_STRDUP 1
| #define HAVE_ISATTY 1
| #define HAVE_SYMLINK 1
| #define HAVE_STRUCT_UTIMBUF 1
| #define HAVE_WORKING_FNMATCH_H 1
| #define HAVE_NANOSLEEP 1
| #define HAVE_LIBRT 1
| #define HAVE_GETHOSTBYNAME 1
| #define HAVE_INET_NTOA 1
| #define HAVE_LIBDL 1
| /* end confdefs.h.  */
| 
| /* Override any GCC internal prototype to avoid an error.
|    Use char because int might match the return type of a GCC
|    builtin and then its argument prototype would still apply.  */
| #ifdef __cplusplus
| extern "C"
| #endif
| char md5_calc ();
| int
| main ()
| {
| return md5_calc ();
|   ;
|   return 0;
| }
configure:7146: result: no
configure:7196: using the built-in (GNU) MD5 implementation
configure:7198: checking whether byte ordering is bigendian
configure:7213: gcc -c  -O2 -Wall  conftest.c >&5
conftest.c:87:9: error: unknown type name 'not'
conftest.c:87:15: error: expected '=', ',', ';', 'asm' or '__attribute__' before 'universal'
conftest.c:87:15: error: unknown type name 'universal'
configure:7213: $? = 1
configure: failed program was:
| /* confdefs.h */
| #define PACKAGE_NAME ""
| #define PACKAGE_TARNAME ""
| #define PACKAGE_VERSION ""
| #define PACKAGE_STRING ""
| #define PACKAGE_BUGREPORT ""
| #define PACKAGE_URL ""
| #define OS_TYPE "linux-gnu"
| #define ENABLE_OPIE 1
| #define ENABLE_DIGEST 1
| #define ENABLE_DEBUG 1
| #define STDC_HEADERS 1
| #define HAVE_SYS_TYPES_H 1
| #define HAVE_SYS_STAT_H 1
| #define HAVE_STDLIB_H 1
| #define HAVE_STRING_H 1
| #define HAVE_MEMORY_H 1
| #define HAVE_STRINGS_H 1
| #define HAVE_INTTYPES_H 1
| #define HAVE_STDINT_H 1
| #define HAVE_UNISTD_H 1
| #define __EXTENSIONS__ 1
| #define _ALL_SOURCE 1
| #define _GNU_SOURCE 1
| #define _POSIX_PTHREAD_SEMANTICS 1
| #define _TANDEM_SOURCE 1
| #define STDC_HEADERS 1
| #define SIZEOF_OFF_T 8
| #define HAVE__BOOL 1
| #define HAVE_STDBOOL_H 1
| #define HAVE_UNISTD_H 1
| #define HAVE_SYS_TIME_H 1
| #define HAVE_TERMIOS_H 1
| #define HAVE_SYS_IOCTL_H 1
| #define HAVE_SYS_SELECT_H 1
| #define HAVE_UTIME_H 1
| #define HAVE_STDINT_H 1
| #define HAVE_INTTYPES_H 1
| #define HAVE_PWD_H 1
| #define HAVE_WCHAR_H 1
| #define SIZEOF_SHORT 2
| #define SIZEOF_INT 4
| #define SIZEOF_LONG 8
| #define SIZEOF_LONG_LONG 8
| #define SIZEOF_VOID_P 8
| #define HAVE_UINT32_T 1
| #define HAVE_UINTPTR_T 1
| #define HAVE_INTPTR_T 1
| #define HAVE_INT64_T 1
| #define HAVE_SIG_ATOMIC_T 1
| #define HAVE_ALLOCA_H 1
| #define HAVE_ALLOCA 1
| #define HAVE_STDLIB_H 1
| #define HAVE_UNISTD_H 1
| #define HAVE_SYS_PARAM_H 1
| #define HAVE_GETPAGESIZE 1
| #define HAVE_MMAP 1
| #define HAVE_FSEEKO 1
| #define HAVE_STRPTIME 1
| #define HAVE_TIMEGM 1
| #define HAVE_SNPRINTF 1
| #define HAVE_VSNPRINTF 1
| #define HAVE_VASPRINTF 1
| #define HAVE_DRAND48 1
| #define HAVE_STRTOLL 1
| #define HAVE_USLEEP 1
| #define HAVE_FTELLO 1
| #define HAVE_SIGBLOCK 1
| #define HAVE_MEMRCHR 1
| #define HAVE_WCWIDTH 1
| #define HAVE_MBTOWC 1
| #define HAVE_STRCASECMP 1
| #define HAVE_STRNCASECMP 1
| #define HAVE_STRDUP 1
| #define HAVE_ISATTY 1
| #define HAVE_SYMLINK 1
| #define HAVE_STRUCT_UTIMBUF 1
| #define HAVE_WORKING_FNMATCH_H 1
| #define HAVE_NANOSLEEP 1
| #define HAVE_LIBRT 1
| #define HAVE_GETHOSTBYNAME 1
| #define HAVE_INET_NTOA 1
| #define HAVE_LIBDL 1
| #define HAVE_BUILTIN_MD5 1
| /* end confdefs.h.  */
| #ifndef __APPLE_CC__
| 	       not a universal capable compiler
| 	     #endif
| 	     typedef int dummy;
| 
configure:7258: gcc -c  -O2 -Wall  conftest.c >&5
configure:7258: $? = 0
configure:7276: gcc -c  -O2 -Wall  conftest.c >&5
conftest.c: In function 'main':
conftest.c:93:4: error: unknown type name 'not'
conftest.c:93:12: error: expected '=', ',', ';', 'asm' or '__attribute__' before 'endian'
configure:7276: $? = 1
configure: failed program was:
| /* confdefs.h */
| #define PACKAGE_NAME ""
| #define PACKAGE_TARNAME ""
| #define PACKAGE_VERSION ""
| #define PACKAGE_STRING ""
| #define PACKAGE_BUGREPORT ""
| #define PACKAGE_URL ""
| #define OS_TYPE "linux-gnu"
| #define ENABLE_OPIE 1
| #define ENABLE_DIGEST 1
| #define ENABLE_DEBUG 1
| #define STDC_HEADERS 1
| #define HAVE_SYS_TYPES_H 1
| #define HAVE_SYS_STAT_H 1
| #define HAVE_STDLIB_H 1
| #define HAVE_STRING_H 1
| #define HAVE_MEMORY_H 1
| #define HAVE_STRINGS_H 1
| #define HAVE_INTTYPES_H 1
| #define HAVE_STDINT_H 1
| #define HAVE_UNISTD_H 1
| #define __EXTENSIONS__ 1
| #define _ALL_SOURCE 1
| #define _GNU_SOURCE 1
| #define _POSIX_PTHREAD_SEMANTICS 1
| #define _TANDEM_SOURCE 1
| #define STDC_HEADERS 1
| #define SIZEOF_OFF_T 8
| #define HAVE__BOOL 1
| #define HAVE_STDBOOL_H 1
| #define HAVE_UNISTD_H 1
| #define HAVE_SYS_TIME_H 1
| #define HAVE_TERMIOS_H 1
| #define HAVE_SYS_IOCTL_H 1
| #define HAVE_SYS_SELECT_H 1
| #define HAVE_UTIME_H 1
| #define HAVE_STDINT_H 1
| #define HAVE_INTTYPES_H 1
| #define HAVE_PWD_H 1
| #define HAVE_WCHAR_H 1
| #define SIZEOF_SHORT 2
| #define SIZEOF_INT 4
| #define SIZEOF_LONG 8
| #define SIZEOF_LONG_LONG 8
| #define SIZEOF_VOID_P 8
| #define HAVE_UINT32_T 1
| #define HAVE_UINTPTR_T 1
| #define HAVE_INTPTR_T 1
| #define HAVE_INT64_T 1
| #define HAVE_SIG_ATOMIC_T 1
| #define HAVE_ALLOCA_H 1
| #define HAVE_ALLOCA 1
| #define HAVE_STDLIB_H 1
| #define HAVE_UNISTD_H 1
| #define HAVE_SYS_PARAM_H 1
| #define HAVE_GETPAGESIZE 1
| #define HAVE_MMAP 1
| #define HAVE_FSEEKO 1
| #define HAVE_STRPTIME 1
| #define HAVE_TIMEGM 1
| #define HAVE_SNPRINTF 1
| #define HAVE_VSNPRINTF 1
| #define HAVE_VASPRINTF 1
| #define HAVE_DRAND48 1
| #define HAVE_STRTOLL 1
| #define HAVE_USLEEP 1
| #define HAVE_FTELLO 1
| #define HAVE_SIGBLOCK 1
| #define HAVE_MEMRCHR 1
| #define HAVE_WCWIDTH 1
| #define HAVE_MBTOWC 1
| #define HAVE_STRCASECMP 1
| #define HAVE_STRNCASECMP 1
| #define HAVE_STRDUP 1
| #define HAVE_ISATTY 1
| #define HAVE_SYMLINK 1
| #define HAVE_STRUCT_UTIMBUF 1
| #define HAVE_WORKING_FNMATCH_H 1
| #define HAVE_NANOSLEEP 1
| #define HAVE_LIBRT 1
| #define HAVE_GETHOSTBYNAME 1
| #define HAVE_INET_NTOA 1
| #define HAVE_LIBDL 1
| #define HAVE_BUILTIN_MD5 1
| /* end confdefs.h.  */
| #include <sys/types.h>
| 		#include <sys/param.h>
| 
| int
| main ()
| {
| #if BYTE_ORDER != BIG_ENDIAN
| 		 not big endian
| 		#endif
| 
|   ;
|   return 0;
| }
configure:7404: result: no
configure:7462: checking for getaddrinfo
configure:7462: gcc -o conftest  -O2 -Wall   conftest.c -ldl -lrt  >&5
configure:7462: $? = 0
configure:7462: result: yes
configure:7481: checking for INET6 protocol support
configure:7501: gcc -E  conftest.c
configure:7501: $? = 0
configure:7513: result: yes
configure:7531: checking for struct sockaddr_in6
configure:7531: gcc -c  -O2 -Wall  conftest.c >&5
configure:7531: $? = 0
configure:7531: gcc -c  -O2 -Wall  conftest.c >&5
conftest.c: In function 'main':
conftest.c:97:34: error: expected expression before ')' token
configure:7531: $? = 1
configure: failed program was:
| /* confdefs.h */
| #define PACKAGE_NAME ""
| #define PACKAGE_TARNAME ""
| #define PACKAGE_VERSION ""
| #define PACKAGE_STRING ""
| #define PACKAGE_BUGREPORT ""
| #define PACKAGE_URL ""
| #define OS_TYPE "linux-gnu"
| #define ENABLE_OPIE 1
| #define ENABLE_DIGEST 1
| #define ENABLE_DEBUG 1
| #define STDC_HEADERS 1
| #define HAVE_SYS_TYPES_H 1
| #define HAVE_SYS_STAT_H 1
| #define HAVE_STDLIB_H 1
| #define HAVE_STRING_H 1
| #define HAVE_MEMORY_H 1
| #define HAVE_STRINGS_H 1
| #define HAVE_INTTYPES_H 1
| #define HAVE_STDINT_H 1
| #define HAVE_UNISTD_H 1
| #define __EXTENSIONS__ 1
| #define _ALL_SOURCE 1
| #define _GNU_SOURCE 1
| #define _POSIX_PTHREAD_SEMANTICS 1
| #define _TANDEM_SOURCE 1
| #define STDC_HEADERS 1
| #define SIZEOF_OFF_T 8
| #define HAVE__BOOL 1
| #define HAVE_STDBOOL_H 1
| #define HAVE_UNISTD_H 1
| #define HAVE_SYS_TIME_H 1
| #define HAVE_TERMIOS_H 1
| #define HAVE_SYS_IOCTL_H 1
| #define HAVE_SYS_SELECT_H 1
| #define HAVE_UTIME_H 1
| #define HAVE_STDINT_H 1
| #define HAVE_INTTYPES_H 1
| #define HAVE_PWD_H 1
| #define HAVE_WCHAR_H 1
| #define SIZEOF_SHORT 2
| #define SIZEOF_INT 4
| #define SIZEOF_LONG 8
| #define SIZEOF_LONG_LONG 8
| #define SIZEOF_VOID_P 8
| #define HAVE_UINT32_T 1
| #define HAVE_UINTPTR_T 1
| #define HAVE_INTPTR_T 1
| #define HAVE_INT64_T 1
| #define HAVE_SIG_ATOMIC_T 1
| #define HAVE_ALLOCA_H 1
| #define HAVE_ALLOCA 1
| #define HAVE_STDLIB_H 1
| #define HAVE_UNISTD_H 1
| #define HAVE_SYS_PARAM_H 1
| #define HAVE_GETPAGESIZE 1
| #define HAVE_MMAP 1
| #define HAVE_FSEEKO 1
| #define HAVE_STRPTIME 1
| #define HAVE_TIMEGM 1
| #define HAVE_SNPRINTF 1
| #define HAVE_VSNPRINTF 1
| #define HAVE_VASPRINTF 1
| #define HAVE_DRAND48 1
| #define HAVE_STRTOLL 1
| #define HAVE_USLEEP 1
| #define HAVE_FTELLO 1
| #define HAVE_SIGBLOCK 1
| #define HAVE_MEMRCHR 1
| #define HAVE_WCWIDTH 1
| #define HAVE_MBTOWC 1
| #define HAVE_STRCASECMP 1
| #define HAVE_STRNCASECMP 1
| #define HAVE_STRDUP 1
| #define HAVE_ISATTY 1
| #define HAVE_SYMLINK 1
| #define HAVE_STRUCT_UTIMBUF 1
| #define HAVE_WORKING_FNMATCH_H 1
| #define HAVE_NANOSLEEP 1
| #define HAVE_LIBRT 1
| #define HAVE_GETHOSTBYNAME 1
| #define HAVE_INET_NTOA 1
| #define HAVE_LIBDL 1
| #define HAVE_BUILTIN_MD5 1
| #define HAVE_MD5 1
| #define HAVE_GETADDRINFO 1
| /* end confdefs.h.  */
| 
| #include <sys/types.h>
| #include <sys/socket.h>
| #include <netinet/in.h>
| 
| 
| int
| main ()
| {
| if (sizeof ((struct sockaddr_in6)))
| 	    return 0;
|   ;
|   return 0;
| }
configure:7531: result: yes
configure:7565: checking for struct sockaddr_storage
configure:7565: gcc -c  -O2 -Wall  conftest.c >&5
configure:7565: $? = 0
configure:7565: gcc -c  -O2 -Wall  conftest.c >&5
conftest.c: In function 'main':
conftest.c:97:38: error: expected expression before ')' token
configure:7565: $? = 1
configure: failed program was:
| /* confdefs.h */
| #define PACKAGE_NAME ""
| #define PACKAGE_TARNAME ""
| #define PACKAGE_VERSION ""
| #define PACKAGE_STRING ""
| #define PACKAGE_BUGREPORT ""
| #define PACKAGE_URL ""
| #define OS_TYPE "linux-gnu"
| #define ENABLE_OPIE 1
| #define ENABLE_DIGEST 1
| #define ENABLE_DEBUG 1
| #define STDC_HEADERS 1
| #define HAVE_SYS_TYPES_H 1
| #define HAVE_SYS_STAT_H 1
| #define HAVE_STDLIB_H 1
| #define HAVE_STRING_H 1
| #define HAVE_MEMORY_H 1
| #define HAVE_STRINGS_H 1
| #define HAVE_INTTYPES_H 1
| #define HAVE_STDINT_H 1
| #define HAVE_UNISTD_H 1
| #define __EXTENSIONS__ 1
| #define _ALL_SOURCE 1
| #define _GNU_SOURCE 1
| #define _POSIX_PTHREAD_SEMANTICS 1
| #define _TANDEM_SOURCE 1
| #define STDC_HEADERS 1
| #define SIZEOF_OFF_T 8
| #define HAVE__BOOL 1
| #define HAVE_STDBOOL_H 1
| #define HAVE_UNISTD_H 1
| #define HAVE_SYS_TIME_H 1
| #define HAVE_TERMIOS_H 1
| #define HAVE_SYS_IOCTL_H 1
| #define HAVE_SYS_SELECT_H 1
| #define HAVE_UTIME_H 1
| #define HAVE_STDINT_H 1
| #define HAVE_INTTYPES_H 1
| #define HAVE_PWD_H 1
| #define HAVE_WCHAR_H 1
| #define SIZEOF_SHORT 2
| #define SIZEOF_INT 4
| #define SIZEOF_LONG 8
| #define SIZEOF_LONG_LONG 8
| #define SIZEOF_VOID_P 8
| #define HAVE_UINT32_T 1
| #define HAVE_UINTPTR_T 1
| #define HAVE_INTPTR_T 1
| #define HAVE_INT64_T 1
| #define HAVE_SIG_ATOMIC_T 1
| #define HAVE_ALLOCA_H 1
| #define HAVE_ALLOCA 1
| #define HAVE_STDLIB_H 1
| #define HAVE_UNISTD_H 1
| #define HAVE_SYS_PARAM_H 1
| #define HAVE_GETPAGESIZE 1
| #define HAVE_MMAP 1
| #define HAVE_FSEEKO 1
| #define HAVE_STRPTIME 1
| #define HAVE_TIMEGM 1
| #define HAVE_SNPRINTF 1
| #define HAVE_VSNPRINTF 1
| #define HAVE_VASPRINTF 1
| #define HAVE_DRAND48 1
| #define HAVE_STRTOLL 1
| #define HAVE_USLEEP 1
| #define HAVE_FTELLO 1
| #define HAVE_SIGBLOCK 1
| #define HAVE_MEMRCHR 1
| #define HAVE_WCWIDTH 1
| #define HAVE_MBTOWC 1
| #define HAVE_STRCASECMP 1
| #define HAVE_STRNCASECMP 1
| #define HAVE_STRDUP 1
| #define HAVE_ISATTY 1
| #define HAVE_SYMLINK 1
| #define HAVE_STRUCT_UTIMBUF 1
| #define HAVE_WORKING_FNMATCH_H 1
| #define HAVE_NANOSLEEP 1
| #define HAVE_LIBRT 1
| #define HAVE_GETHOSTBYNAME 1
| #define HAVE_INET_NTOA 1
| #define HAVE_LIBDL 1
| #define HAVE_BUILTIN_MD5 1
| #define HAVE_MD5 1
| #define HAVE_GETADDRINFO 1
| #define HAVE_STRUCT_SOCKADDR_IN6 1
| /* end confdefs.h.  */
| 
| #include <sys/types.h>
| #include <sys/socket.h>
| 
| 
| int
| main ()
| {
| if (sizeof ((struct sockaddr_storage)))
| 	    return 0;
|   ;
|   return 0;
| }
configure:7565: result: yes
configure:7585: checking for struct sockaddr_in6.sin6_scope_id
configure:7585: gcc -c  -O2 -Wall  conftest.c >&5
configure:7585: $? = 0
configure:7585: result: yes
configure:7619: Enabling support for IPv6.
configure:7628: checking whether NLS is requested
configure:7637: result: yes
configure:7653: language catalogs: be bg ca cs da de el en_GB eo es et eu fi fr ga gl he hr hu id it ja nb nl pl pt pt_BR ro ru sk sl sr sv tr uk vi zh_CN zh_TW 
configure:7657: checking for msgfmt
configure:7684: result: /usr/bin/msgfmt
configure:7693: checking for xgettext
configure:7720: result: /usr/bin/xgettext
configure:7730: checking for gmsgfmt
configure:7761: result: /usr/bin/msgfmt
configure:7785: checking libintl.h usability
configure:7785: gcc -c  -O2 -Wall  conftest.c >&5
configure:7785: $? = 0
configure:7785: result: yes
configure:7785: checking libintl.h presence
configure:7785: gcc -E  conftest.c
configure:7785: $? = 0
configure:7785: result: yes
configure:7785: checking for libintl.h
configure:7785: result: yes
configure:7797: checking for gettext in -lintl
configure:7822: gcc -o conftest  -O2 -Wall   conftest.c -lintl  -ldl -lrt  >&5
conftest.c:100:6: warning: conflicting types for built-in function 'gettext' [enabled by default]
/usr/bin/ld: cannot find -lintl
collect2: ld returned 1 exit status
configure:7822: $? = 1
configure: failed program was:
| /* confdefs.h */
| #define PACKAGE_NAME ""
| #define PACKAGE_TARNAME ""
| #define PACKAGE_VERSION ""
| #define PACKAGE_STRING ""
| #define PACKAGE_BUGREPORT ""
| #define PACKAGE_URL ""
| #define OS_TYPE "linux-gnu"
| #define ENABLE_OPIE 1
| #define ENABLE_DIGEST 1
| #define ENABLE_DEBUG 1
| #define STDC_HEADERS 1
| #define HAVE_SYS_TYPES_H 1
| #define HAVE_SYS_STAT_H 1
| #define HAVE_STDLIB_H 1
| #define HAVE_STRING_H 1
| #define HAVE_MEMORY_H 1
| #define HAVE_STRINGS_H 1
| #define HAVE_INTTYPES_H 1
| #define HAVE_STDINT_H 1
| #define HAVE_UNISTD_H 1
| #define __EXTENSIONS__ 1
| #define _ALL_SOURCE 1
| #define _GNU_SOURCE 1
| #define _POSIX_PTHREAD_SEMANTICS 1
| #define _TANDEM_SOURCE 1
| #define STDC_HEADERS 1
| #define SIZEOF_OFF_T 8
| #define HAVE__BOOL 1
| #define HAVE_STDBOOL_H 1
| #define HAVE_UNISTD_H 1
| #define HAVE_SYS_TIME_H 1
| #define HAVE_TERMIOS_H 1
| #define HAVE_SYS_IOCTL_H 1
| #define HAVE_SYS_SELECT_H 1
| #define HAVE_UTIME_H 1
| #define HAVE_STDINT_H 1
| #define HAVE_INTTYPES_H 1
| #define HAVE_PWD_H 1
| #define HAVE_WCHAR_H 1
| #define SIZEOF_SHORT 2
| #define SIZEOF_INT 4
| #define SIZEOF_LONG 8
| #define SIZEOF_LONG_LONG 8
| #define SIZEOF_VOID_P 8
| #define HAVE_UINT32_T 1
| #define HAVE_UINTPTR_T 1
| #define HAVE_INTPTR_T 1
| #define HAVE_INT64_T 1
| #define HAVE_SIG_ATOMIC_T 1
| #define HAVE_ALLOCA_H 1
| #define HAVE_ALLOCA 1
| #define HAVE_STDLIB_H 1
| #define HAVE_UNISTD_H 1
| #define HAVE_SYS_PARAM_H 1
| #define HAVE_GETPAGESIZE 1
| #define HAVE_MMAP 1
| #define HAVE_FSEEKO 1
| #define HAVE_STRPTIME 1
| #define HAVE_TIMEGM 1
| #define HAVE_SNPRINTF 1
| #define HAVE_VSNPRINTF 1
| #define HAVE_VASPRINTF 1
| #define HAVE_DRAND48 1
| #define HAVE_STRTOLL 1
| #define HAVE_USLEEP 1
| #define HAVE_FTELLO 1
| #define HAVE_SIGBLOCK 1
| #define HAVE_MEMRCHR 1
| #define HAVE_WCWIDTH 1
| #define HAVE_MBTOWC 1
| #define HAVE_STRCASECMP 1
| #define HAVE_STRNCASECMP 1
| #define HAVE_STRDUP 1
| #define HAVE_ISATTY 1
| #define HAVE_SYMLINK 1
| #define HAVE_STRUCT_UTIMBUF 1
| #define HAVE_WORKING_FNMATCH_H 1
| #define HAVE_NANOSLEEP 1
| #define HAVE_LIBRT 1
| #define HAVE_GETHOSTBYNAME 1
| #define HAVE_INET_NTOA 1
| #define HAVE_LIBDL 1
| #define HAVE_BUILTIN_MD5 1
| #define HAVE_MD5 1
| #define HAVE_GETADDRINFO 1
| #define HAVE_STRUCT_SOCKADDR_IN6 1
| #define HAVE_STRUCT_SOCKADDR_STORAGE 1
| #define HAVE_SOCKADDR_IN6_SCOPE_ID 1
| #define ENABLE_IPV6 1
| #define HAVE_LIBINTL_H 1
| /* end confdefs.h.  */
| 
| /* Override any GCC internal prototype to avoid an error.
|    Use char because int might match the return type of a GCC
|    builtin and then its argument prototype would still apply.  */
| #ifdef __cplusplus
| extern "C"
| #endif
| char gettext ();
| int
| main ()
| {
| return gettext ();
|   ;
|   return 0;
| }
configure:7831: result: no
configure:7844: checking for gettext
configure:7844: gcc -o conftest  -O2 -Wall   conftest.c -ldl -lrt  >&5
conftest.c:116:6: warning: conflicting types for built-in function 'gettext' [enabled by default]
configure:7844: $? = 0
configure:7844: result: yes
configure:7894: checking for makeinfo
configure:7924: result: no
configure:7939: checking for perl5
configure:7972: result: no
configure:7939: checking for perl
configure:7957: found /usr/bin/perl
configure:7969: result: /usr/bin/perl
configure:7983: checking for pod2man
configure:8001: found /usr/bin/pod2man
configure:8014: result: /usr/bin/pod2man
configure:8154: creating ./config.status

## ---------------------- ##
## Running config.status. ##
## ---------------------- ##

This file was extended by config.status, which was
generated by GNU Autoconf 2.68.  Invocation command line was

  CONFIG_FILES    = 
  CONFIG_HEADERS  = 
  CONFIG_LINKS    = 
  CONFIG_COMMANDS = 
  $ ./config.status 

on jun-VBU1204

config.status:945: creating Makefile
config.status:1048: WARNING:  'Makefile.in' seems to ignore the --datarootdir setting
config.status:945: creating src/Makefile
config.status:1048: WARNING:  'src/Makefile.in' seems to ignore the --datarootdir setting
config.status:945: creating doc/Makefile
config.status:1048: WARNING:  'doc/Makefile.in' seems to ignore the --datarootdir setting
config.status:945: creating util/Makefile
config.status:945: creating po/Makefile.in
config.status:945: creating tests/Makefile
config.status:1048: WARNING:  'tests/Makefile.in' seems to ignore the --datarootdir setting
config.status:945: creating tests/WgetTest.pm
config.status:945: creating windows/Makefile
config.status:945: creating stamp-h
config.status:945: creating src/config.h
config.status:1120: src/config.h is unchanged
config.status:1134: executing default commands

## ---------------- ##
## Cache variables. ##
## ---------------- ##

ac_cv_build=x86_64-unknown-linux-gnu
ac_cv_c_bigendian=no
ac_cv_c_compiler_gnu=yes
ac_cv_c_const=yes
ac_cv_c_inline=inline
ac_cv_c_volatile=yes
ac_cv_env_CC_set=
ac_cv_env_CC_value=
ac_cv_env_CFLAGS_set=
ac_cv_env_CFLAGS_value=
ac_cv_env_CPPFLAGS_set=
ac_cv_env_CPPFLAGS_value=
ac_cv_env_CPP_set=
ac_cv_env_CPP_value=
ac_cv_env_LDFLAGS_set=
ac_cv_env_LDFLAGS_value=
ac_cv_env_LIBS_set=
ac_cv_env_LIBS_value=
ac_cv_env_build_alias_set=
ac_cv_env_build_alias_value=
ac_cv_env_host_alias_set=
ac_cv_env_host_alias_value=
ac_cv_env_target_alias_set=
ac_cv_env_target_alias_value=
ac_cv_func_alloca_works=yes
ac_cv_func_clock_gettime=no
ac_cv_func_drand48=yes
ac_cv_func_ftello=yes
ac_cv_func_getaddrinfo=yes
ac_cv_func_gethostbyname=yes
ac_cv_func_getopt_long=yes
ac_cv_func_getpagesize=yes
ac_cv_func_gettext=yes
ac_cv_func_inet_ntoa=yes
ac_cv_func_mbtowc=yes
ac_cv_func_memrchr=yes
ac_cv_func_mmap_fixed_mapped=yes
ac_cv_func_nanosleep=yes
ac_cv_func_sigblock=yes
ac_cv_func_sigsetjmp=no
ac_cv_func_snprintf=yes
ac_cv_func_strptime=yes
ac_cv_func_strtoll=yes
ac_cv_func_timegm=yes
ac_cv_func_usleep=yes
ac_cv_func_vasprintf=yes
ac_cv_func_vsnprintf=yes
ac_cv_func_wcwidth=yes
ac_cv_header_inttypes_h=yes
ac_cv_header_libintl_h=yes
ac_cv_header_memory_h=yes
ac_cv_header_minix_config_h=no
ac_cv_header_pwd_h=yes
ac_cv_header_stdbool_h=yes
ac_cv_header_stdc=yes
ac_cv_header_stdint_h=yes
ac_cv_header_stdlib_h=yes
ac_cv_header_string_h=yes
ac_cv_header_strings_h=yes
ac_cv_header_sys_ioctl_h=yes
ac_cv_header_sys_param_h=yes
ac_cv_header_sys_select_h=yes
ac_cv_header_sys_stat_h=yes
ac_cv_header_sys_time_h=yes
ac_cv_header_sys_types_h=yes
ac_cv_header_sys_utime_h=no
ac_cv_header_termios_h=yes
ac_cv_header_unistd_h=yes
ac_cv_header_utime_h=yes
ac_cv_header_wchar_h=yes
ac_cv_host=x86_64-unknown-linux-gnu
ac_cv_lib_dl_dlopen=yes
ac_cv_lib_intl_gettext=no
ac_cv_lib_md5_md5_calc=no
ac_cv_lib_rt_clock_gettime=yes
ac_cv_lib_socket_socket=no
ac_cv_libssl=no
ac_cv_member_struct_sockaddr_in6_sin6_scope_id=yes
ac_cv_objext=o
ac_cv_path_EGREP='/bin/grep -E'
ac_cv_path_GMSGFMT=/usr/bin/msgfmt
ac_cv_path_GREP=/bin/grep
ac_cv_path_MSGFMT=/usr/bin/msgfmt
ac_cv_path_PERL=/usr/bin/perl
ac_cv_path_POD2MAN=/usr/bin/pod2man
ac_cv_path_XGETTEXT=/usr/bin/xgettext
ac_cv_path_install='/usr/bin/install -c'
ac_cv_prog_CPP='gcc -E'
ac_cv_prog_ac_ct_CC=gcc
ac_cv_prog_cc_c89=
ac_cv_prog_cc_g=yes
ac_cv_prog_make_make_set=yes
ac_cv_safe_to_define___extensions__=yes
ac_cv_sizeof_int=4
ac_cv_sizeof_long=8
ac_cv_sizeof_long_long=8
ac_cv_sizeof_off_t=8
ac_cv_sizeof_short=2
ac_cv_sizeof_void_p=8
ac_cv_sys_file_offset_bits=no
ac_cv_sys_largefile_CC=no
ac_cv_sys_largefile_source=no
ac_cv_type__Bool=yes
ac_cv_type_int64_t=yes
ac_cv_type_intptr_t=yes
ac_cv_type_pid_t=yes
ac_cv_type_sig_atomic_t=yes
ac_cv_type_size_t=yes
ac_cv_type_struct_sockaddr_in6=yes
ac_cv_type_struct_sockaddr_storage=yes
ac_cv_type_struct_utimbuf=yes
ac_cv_type_uint32_t=yes
ac_cv_type_uintptr_t=yes
ac_cv_working_alloca_h=yes
acl_cv_hardcode_direct=no
acl_cv_hardcode_libdir_flag_spec='${wl}-rpath ${wl}$libdir'
acl_cv_hardcode_libdir_separator=
acl_cv_hardcode_minus_L=no
acl_cv_libext=a
acl_cv_path_LD=/usr/bin/ld
acl_cv_prog_gnu_ld=yes
acl_cv_rpath=done
acl_cv_shlibext=so
acl_cv_wl=-Wl,
wget_cv_proto_inet6=yes

## ----------------- ##
## Output variables. ##
## ----------------- ##

ALLOCA=''
CATALOGS=' be.gmo bg.gmo ca.gmo cs.gmo da.gmo de.gmo el.gmo en_GB.gmo eo.gmo es.gmo et.gmo eu.gmo fi.gmo fr.gmo ga.gmo gl.gmo he.gmo hr.gmo hu.gmo id.gmo it.gmo ja.gmo nb.gmo nl.gmo pl.gmo pt.gmo pt_BR.gmo ro.gmo ru.gmo sk.gmo sl.gmo sr.gmo sv.gmo tr.gmo uk.gmo vi.gmo zh_CN.gmo zh_TW.gmo'
CATOBJEXT='.gmo'
CC='gcc'
CFLAGS=' -O2 -Wall'
COMMENT_IF_NO_POD2MAN=''
CPP='gcc -E'
CPPFLAGS=''
DATADIRNAME='share'
DEFS='-DHAVE_CONFIG_H'
ECHO_C=''
ECHO_N='-n'
ECHO_T=''
EGREP='/bin/grep -E'
EXEEXT=''
GETOPT_OBJ=''
GMOFILES=' be.gmo bg.gmo ca.gmo cs.gmo da.gmo de.gmo el.gmo en_GB.gmo eo.gmo es.gmo et.gmo eu.gmo fi.gmo fr.gmo ga.gmo gl.gmo he.gmo hr.gmo hu.gmo id.gmo it.gmo ja.gmo nb.gmo nl.gmo pl.gmo pt.gmo pt_BR.gmo ro.gmo ru.gmo sk.gmo sl.gmo sr.gmo sv.gmo tr.gmo uk.gmo vi.gmo zh_CN.gmo zh_TW.gmo'
GMSGFMT='/usr/bin/msgfmt'
GREP='/bin/grep'
HAVE_LIBGNUTLS=''
HAVE_LIBSSL='no'
HAVE_NLS='yes'
INSTALL_DATA='${INSTALL} -m 644'
INSTALL_PROGRAM='${INSTALL}'
INSTALL_SCRIPT='${INSTALL}'
INSTOBJEXT='.mo'
INTLLIBS=''
LDFLAGS=''
LIBGNUTLS=''
LIBOBJS=''
LIBS='-ldl -lrt '
LIBSSL=''
LTLIBGNUTLS=''
LTLIBOBJS=''
LTLIBSSL=''
MAKEINFO='true'
MD5_OBJ='gen-md5.o gnu-md5.o'
MSGFMT='/usr/bin/msgfmt'
NTLM_OBJ=''
OBJEXT='o'
OPIE_OBJ='ftp-opie.o'
PACKAGE='wget'
PACKAGE_BUGREPORT=''
PACKAGE_NAME=''
PACKAGE_STRING=''
PACKAGE_TARNAME=''
PACKAGE_URL=''
PACKAGE_VERSION=''
PATH_SEPARATOR=':'
PERL='/usr/bin/perl'
POD2MAN='/usr/bin/pod2man'
POFILES=' be.po bg.po ca.po cs.po da.po de.po el.po en_GB.po eo.po es.po et.po eu.po fi.po fr.po ga.po gl.po he.po hr.po hu.po id.po it.po ja.po nb.po nl.po pl.po pt.po pt_BR.po ro.po ru.po sk.po sl.po sr.po sv.po tr.po uk.po vi.po zh_CN.po zh_TW.po'
SET_MAKE=''
SHELL='/bin/bash'
SSL_OBJ=''
USE_NLS='yes'
VERSION='1.11.4'
XGETTEXT='/usr/bin/xgettext'
ac_ct_CC='gcc'
bindir='${exec_prefix}/bin'
build='x86_64-unknown-linux-gnu'
build_alias=''
build_cpu='x86_64'
build_os='linux-gnu'
build_vendor='unknown'
datadir='${datarootdir}'
datarootdir='${prefix}/share'
docdir='${datarootdir}/doc/${PACKAGE}'
dvidir='${docdir}'
exec_prefix='${prefix}'
host='x86_64-unknown-linux-gnu'
host_alias=''
host_cpu='x86_64'
host_os='linux-gnu'
host_vendor='unknown'
htmldir='${docdir}'
includedir='${prefix}/include'
infodir='${datarootdir}/info'
libdir='${exec_prefix}/lib'
libexecdir='${exec_prefix}/libexec'
localedir='${datarootdir}/locale'
localstatedir='${prefix}/var'
mandir='${datarootdir}/man'
oldincludedir='/usr/include'
pdfdir='${docdir}'
prefix='/usr/local'
program_transform_name='s,x,x,'
psdir='${docdir}'
sbindir='${exec_prefix}/sbin'
sharedstatedir='${prefix}/com'
sysconfdir='${prefix}/etc'
target_alias=''

## ----------- ##
## confdefs.h. ##
## ----------- ##

/* confdefs.h */
#define PACKAGE_NAME ""
#define PACKAGE_TARNAME ""
#define PACKAGE_VERSION ""
#define PACKAGE_STRING ""
#define PACKAGE_BUGREPORT ""
#define PACKAGE_URL ""
#define OS_TYPE "linux-gnu"
#define ENABLE_OPIE 1
#define ENABLE_DIGEST 1
#define ENABLE_DEBUG 1
#define STDC_HEADERS 1
#define HAVE_SYS_TYPES_H 1
#define HAVE_SYS_STAT_H 1
#define HAVE_STDLIB_H 1
#define HAVE_STRING_H 1
#define HAVE_MEMORY_H 1
#define HAVE_STRINGS_H 1
#define HAVE_INTTYPES_H 1
#define HAVE_STDINT_H 1
#define HAVE_UNISTD_H 1
#define __EXTENSIONS__ 1
#define _ALL_SOURCE 1
#define _GNU_SOURCE 1
#define _POSIX_PTHREAD_SEMANTICS 1
#define _TANDEM_SOURCE 1
#define STDC_HEADERS 1
#define SIZEOF_OFF_T 8
#define HAVE__BOOL 1
#define HAVE_STDBOOL_H 1
#define HAVE_UNISTD_H 1
#define HAVE_SYS_TIME_H 1
#define HAVE_TERMIOS_H 1
#define HAVE_SYS_IOCTL_H 1
#define HAVE_SYS_SELECT_H 1
#define HAVE_UTIME_H 1
#define HAVE_STDINT_H 1
#define HAVE_INTTYPES_H 1
#define HAVE_PWD_H 1
#define HAVE_WCHAR_H 1
#define SIZEOF_SHORT 2
#define SIZEOF_INT 4
#define SIZEOF_LONG 8
#define SIZEOF_LONG_LONG 8
#define SIZEOF_VOID_P 8
#define HAVE_UINT32_T 1
#define HAVE_UINTPTR_T 1
#define HAVE_INTPTR_T 1
#define HAVE_INT64_T 1
#define HAVE_SIG_ATOMIC_T 1
#define HAVE_ALLOCA_H 1
#define HAVE_ALLOCA 1
#define HAVE_STDLIB_H 1
#define HAVE_UNISTD_H 1
#define HAVE_SYS_PARAM_H 1
#define HAVE_GETPAGESIZE 1
#define HAVE_MMAP 1
#define HAVE_FSEEKO 1
#define HAVE_STRPTIME 1
#define HAVE_TIMEGM 1
#define HAVE_SNPRINTF 1
#define HAVE_VSNPRINTF 1
#define HAVE_VASPRINTF 1
#define HAVE_DRAND48 1
#define HAVE_STRTOLL 1
#define HAVE_USLEEP 1
#define HAVE_FTELLO 1
#define HAVE_SIGBLOCK 1
#define HAVE_MEMRCHR 1
#define HAVE_WCWIDTH 1
#define HAVE_MBTOWC 1
#define HAVE_STRCASECMP 1
#define HAVE_STRNCASECMP 1
#define HAVE_STRDUP 1
#define HAVE_ISATTY 1
#define HAVE_SYMLINK 1
#define HAVE_STRUCT_UTIMBUF 1
#define HAVE_WORKING_FNMATCH_H 1
#define HAVE_NANOSLEEP 1
#define HAVE_LIBRT 1
#define HAVE_GETHOSTBYNAME 1
#define HAVE_INET_NTOA 1
#define HAVE_LIBDL 1
#define HAVE_BUILTIN_MD5 1
#define HAVE_MD5 1
#define HAVE_GETADDRINFO 1
#define HAVE_STRUCT_SOCKADDR_IN6 1
#define HAVE_STRUCT_SOCKADDR_STORAGE 1
#define HAVE_SOCKADDR_IN6_SCOPE_ID 1
#define ENABLE_IPV6 1
#define HAVE_LIBINTL_H 1
#define HAVE_GETTEXT 1
#define HAVE_NLS 1

configure: exit 0
